-------------------------------------------------------------------------------
Test set: org.apache.jena.sparql.TC_Scripted
-------------------------------------------------------------------------------
Tests run: 1032, Failures: 9, Errors: 0, Skipped: 0, Time elapsed: 51.271 sec <<< FAILURE! - in org.apache.jena.sparql.TC_Scripted
Construct Quad: Named Graph(org.apache.jena.sparql.junit.QueryTest)  Time elapsed: 0.072 sec  <<< FAILURE!
junit.framework.AssertionFailedError: Exception: java.lang.UnsupportedOperationException: Not supported yet.
	at org.apache.jena.sparql.junit.QueryTest.runTestForReal(QueryTest.java:219)

Construct Quad: Dataset(org.apache.jena.sparql.junit.QueryTest)  Time elapsed: 0.054 sec  <<< FAILURE!
junit.framework.AssertionFailedError: Exception: java.lang.UnsupportedOperationException: Not supported yet.
	at org.apache.jena.sparql.junit.QueryTest.runTestForReal(QueryTest.java:219)

Construct Quad: Short Form 1(org.apache.jena.sparql.junit.QueryTest)  Time elapsed: 0.051 sec  <<< FAILURE!
junit.framework.AssertionFailedError: Exception: java.lang.UnsupportedOperationException: Not supported yet.
	at org.apache.jena.sparql.junit.QueryTest.runTestForReal(QueryTest.java:219)

Construct Quad: Short Form 3(org.apache.jena.sparql.junit.QueryTest)  Time elapsed: 0.023 sec  <<< FAILURE!
junit.framework.AssertionFailedError: Exception: java.lang.UnsupportedOperationException: Not supported yet.
	at org.apache.jena.sparql.junit.QueryTest.runTestForReal(QueryTest.java:219)

Construct Quad: Syntax 1(org.apache.jena.sparql.junit.QueryTest)  Time elapsed: 0.04 sec  <<< FAILURE!
junit.framework.AssertionFailedError: Exception: java.lang.UnsupportedOperationException: Not supported yet.
	at org.apache.jena.sparql.junit.QueryTest.runTestForReal(QueryTest.java:219)

Construct Quad: Syntax 2(org.apache.jena.sparql.junit.QueryTest)  Time elapsed: 0.018 sec  <<< FAILURE!
junit.framework.AssertionFailedError: Exception: java.lang.UnsupportedOperationException: Not supported yet.
	at org.apache.jena.sparql.junit.QueryTest.runTestForReal(QueryTest.java:219)

Construct Quad: Syntax 4(org.apache.jena.sparql.junit.QueryTest)  Time elapsed: 0.02 sec  <<< FAILURE!
junit.framework.AssertionFailedError: Exception: java.lang.UnsupportedOperationException: Not supported yet.
	at org.apache.jena.sparql.junit.QueryTest.runTestForReal(QueryTest.java:219)

Construct Quad: Syntax 5(org.apache.jena.sparql.junit.QueryTest)  Time elapsed: 0.028 sec  <<< FAILURE!
junit.framework.AssertionFailedError: Exception: java.lang.UnsupportedOperationException: Not supported yet.
	at org.apache.jena.sparql.junit.QueryTest.runTestForReal(QueryTest.java:219)

Construct Quad: Syntax 6(org.apache.jena.sparql.junit.QueryTest)  Time elapsed: 0.032 sec  <<< FAILURE!
junit.framework.AssertionFailedError: Exception: java.lang.UnsupportedOperationException: Not supported yet.
	at org.apache.jena.sparql.junit.QueryTest.runTestForReal(QueryTest.java:219)

