<?xml version="1.0" encoding="UTF-8"?>
<testsuite xmlns:xsi="http://www.w3.org/2001/XMLSchema-instance" xsi:schemaLocation="https://maven.apache.org/surefire/maven-surefire-plugin/xsd/surefire-test-report.xsd" name="org.apache.jena.query.TS_ParamString" time="2.171" tests="140" errors="0" skipped="0" failures="0">
  <properties>
[...]
</properties>
  <testcase name="test_param_string_injection_01" classname="org.apache.jena.query.TestParameterizedSparqlString" time="0.003"/>
  <testcase name="test_param_string_injection_02" classname="org.apache.jena.query.TestParameterizedSparqlString" time="0"/>
  <testcase name="test_param_string_injection_03" classname="org.apache.jena.query.TestParameterizedSparqlString" time="0.371"/>
  <testcase name="test_param_string_injection_04" classname="org.apache.jena.query.TestParameterizedSparqlString" time="0"/>
  <testcase name="test_param_string_injection_05" classname="org.apache.jena.query.TestParameterizedSparqlString" time="0.248"/>
  <testcase name="test_param_string_injection_06" classname="org.apache.jena.query.TestParameterizedSparqlString" time="0"/>
  <testcase name="test_param_string_injection_07" classname="org.apache.jena.query.TestParameterizedSparqlString" time="0"/>
  <testcase name="test_param_string_injection_08" classname="org.apache.jena.query.TestParameterizedSparqlString" time="0"/>
  <testcase name="test_param_string_injection_09" classname="org.apache.jena.query.TestParameterizedSparqlString" time="0.002"/>
  <testcase name="test_param_string_injection_10" classname="org.apache.jena.query.TestParameterizedSparqlString" time="0.002"/>
  <testcase name="test_param_string_injection_11" classname="org.apache.jena.query.TestParameterizedSparqlString" time="0"/>
  <testcase name="test_param_string_injection_12" classname="org.apache.jena.query.TestParameterizedSparqlString" time="0"/>
  <testcase name="test_param_string_injection_13" classname="org.apache.jena.query.TestParameterizedSparqlString" time="0.001"/>
  <testcase name="test_param_string_injection_14" classname="org.apache.jena.query.TestParameterizedSparqlString" time="0"/>
  <testcase name="test_param_string_injection_15" classname="org.apache.jena.query.TestParameterizedSparqlString" time="0"/>
  <testcase name="test_param_string_precedence_1" classname="org.apache.jena.query.TestParameterizedSparqlString" time="0.001"/>
  <testcase name="test_param_string_precedence_2" classname="org.apache.jena.query.TestParameterizedSparqlString" time="0.005"/>
  <testcase name="test_param_string_simple_bad_1" classname="org.apache.jena.query.TestParameterizedSparqlString" time="0.006"/>
  <testcase name="test_param_string_append_1" classname="org.apache.jena.query.TestParameterizedSparqlString" time="0"/>
  <testcase name="test_param_string_append_2" classname="org.apache.jena.query.TestParameterizedSparqlString" time="0"/>
  <testcase name="test_param_string_append_3" classname="org.apache.jena.query.TestParameterizedSparqlString" time="0"/>
  <testcase name="test_param_string_append_4" classname="org.apache.jena.query.TestParameterizedSparqlString" time="0"/>
  <testcase name="test_param_string_append_5" classname="org.apache.jena.query.TestParameterizedSparqlString" time="0"/>
  <testcase name="test_param_string_double_1" classname="org.apache.jena.query.TestParameterizedSparqlString" time="0.001"/>
  <testcase name="test_param_string_double_2" classname="org.apache.jena.query.TestParameterizedSparqlString" time="0.002"/>
  <testcase name="test_param_string_double_3" classname="org.apache.jena.query.TestParameterizedSparqlString" time="0.027"/>
  <testcase name="test_param_string_double_4" classname="org.apache.jena.query.TestParameterizedSparqlString" time="0"/>
  <testcase name="test_param_string_double_5" classname="org.apache.jena.query.TestParameterizedSparqlString" time="0"/>
  <testcase name="test_param_string_double_6" classname="org.apache.jena.query.TestParameterizedSparqlString" time="0"/>
  <testcase name="test_param_string_append_integer_1" classname="org.apache.jena.query.TestParameterizedSparqlString" time="0"/>
  <testcase name="test_param_string_append_integer_2" classname="org.apache.jena.query.TestParameterizedSparqlString" time="0.001"/>
  <testcase name="test_param_string_append_integer_3" classname="org.apache.jena.query.TestParameterizedSparqlString" time="0"/>
  <testcase name="test_param_string_append_double_1" classname="org.apache.jena.query.TestParameterizedSparqlString" time="0.002"/>
  <testcase name="test_param_string_append_double_2" classname="org.apache.jena.query.TestParameterizedSparqlString" time="0"/>
  <testcase name="test_param_string_append_double_3" classname="org.apache.jena.query.TestParameterizedSparqlString" time="0.004"/>
  <testcase name="test_param_string_string_1" classname="org.apache.jena.query.TestParameterizedSparqlString" time="0"/>
  <testcase name="test_param_string_string_2" classname="org.apache.jena.query.TestParameterizedSparqlString" time="0.001"/>
  <testcase name="test_param_string_string_3" classname="org.apache.jena.query.TestParameterizedSparqlString" time="0.002"/>
  <testcase name="test_param_string_string_4" classname="org.apache.jena.query.TestParameterizedSparqlString" time="0"/>
  <testcase name="test_param_string_string_5" classname="org.apache.jena.query.TestParameterizedSparqlString" time="0"/>
  <testcase name="test_param_string_string_6" classname="org.apache.jena.query.TestParameterizedSparqlString" time="0"/>
  <testcase name="test_param_string_string_7" classname="org.apache.jena.query.TestParameterizedSparqlString" time="0.001"/>
  <testcase name="test_param_string_prefixes_1" classname="org.apache.jena.query.TestParameterizedSparqlString" time="0.001"/>
  <testcase name="test_param_string_prefixes_2" classname="org.apache.jena.query.TestParameterizedSparqlString" time="0.001"/>
  <testcase name="test_param_string_boolean_1" classname="org.apache.jena.query.TestParameterizedSparqlString" time="0"/>
  <testcase name="test_param_string_boolean_2" classname="org.apache.jena.query.TestParameterizedSparqlString" time="0.002"/>
  <testcase name="test_param_string_boolean_3" classname="org.apache.jena.query.TestParameterizedSparqlString" time="0"/>
  <testcase name="test_param_string_boolean_4" classname="org.apache.jena.query.TestParameterizedSparqlString" time="0"/>
  <testcase name="test_param_string_boolean_5" classname="org.apache.jena.query.TestParameterizedSparqlString" time="0"/>
  <testcase name="test_param_string_boolean_6" classname="org.apache.jena.query.TestParameterizedSparqlString" time="0.004"/>
  <testcase name="test_param_string_non_injection_01" classname="org.apache.jena.query.TestParameterizedSparqlString" time="0"/>
  <testcase name="test_param_string_positional_1" classname="org.apache.jena.query.TestParameterizedSparqlString" time="0"/>
  <testcase name="test_param_string_positional_2" classname="org.apache.jena.query.TestParameterizedSparqlString" time="0"/>
  <testcase name="test_param_string_positional_3" classname="org.apache.jena.query.TestParameterizedSparqlString" time="0"/>
  <testcase name="test_param_string_positional_4" classname="org.apache.jena.query.TestParameterizedSparqlString" time="0.001"/>
  <testcase name="test_param_string_positional_5" classname="org.apache.jena.query.TestParameterizedSparqlString" time="0"/>
  <testcase name="test_param_string_positional_6" classname="org.apache.jena.query.TestParameterizedSparqlString" time="0.004"/>
  <testcase name="test_param_string_positional_7" classname="org.apache.jena.query.TestParameterizedSparqlString" time="0"/>
  <testcase name="test_param_string_float_1" classname="org.apache.jena.query.TestParameterizedSparqlString" time="0.003"/>
  <testcase name="test_param_string_float_2" classname="org.apache.jena.query.TestParameterizedSparqlString" time="0"/>
  <testcase name="test_param_string_prefixes_bad_1" classname="org.apache.jena.query.TestParameterizedSparqlString" time="0"/>
  <testcase name="test_param_string_base_bad_1" classname="org.apache.jena.query.TestParameterizedSparqlString" time="0.001"/>
  <testcase name="test_param_string_positional_injection_01" classname="org.apache.jena.query.TestParameterizedSparqlString" time="0"/>
  <testcase name="test_param_string_positional_injection_02" classname="org.apache.jena.query.TestParameterizedSparqlString" time="0"/>
  <testcase name="test_param_string_positional_injection_03" classname="org.apache.jena.query.TestParameterizedSparqlString" time="0"/>
  <testcase name="test_param_string_positional_injection_04" classname="org.apache.jena.query.TestParameterizedSparqlString" time="0.001"/>
  <testcase name="test_param_string_positional_injection_05" classname="org.apache.jena.query.TestParameterizedSparqlString" time="0.001"/>
  <testcase name="test_param_string_positional_injection_06" classname="org.apache.jena.query.TestParameterizedSparqlString" time="0"/>
  <testcase name="test_param_string_positional_injection_07" classname="org.apache.jena.query.TestParameterizedSparqlString" time="0"/>
  <testcase name="test_param_string_positional_injection_08" classname="org.apache.jena.query.TestParameterizedSparqlString" time="0"/>
  <testcase name="test_param_string_positional_injection_09" classname="org.apache.jena.query.TestParameterizedSparqlString" time="0.001"/>
  <testcase name="test_param_string_positional_injection_10" classname="org.apache.jena.query.TestParameterizedSparqlString" time="0.001"/>
  <testcase name="test_param_string_positional_injection_11" classname="org.apache.jena.query.TestParameterizedSparqlString" time="0"/>
  <testcase name="test_param_string_positional_injection_12" classname="org.apache.jena.query.TestParameterizedSparqlString" time="0"/>
  <testcase name="test_param_string_positional_injection_13" classname="org.apache.jena.query.TestParameterizedSparqlString" time="0.003"/>
  <testcase name="test_param_string_positional_injection_14" classname="org.apache.jena.query.TestParameterizedSparqlString" time="0"/>
  <testcase name="test_param_string_positional_injection_15" classname="org.apache.jena.query.TestParameterizedSparqlString" time="0"/>
  <testcase name="test_param_string_append_boolean_1" classname="org.apache.jena.query.TestParameterizedSparqlString" time="0.001"/>
  <testcase name="test_param_string_append_boolean_2" classname="org.apache.jena.query.TestParameterizedSparqlString" time="0.001"/>
  <testcase name="test_param_string_constructor_1" classname="org.apache.jena.query.TestParameterizedSparqlString" time="0.001"/>
  <testcase name="test_param_string_constructor_2" classname="org.apache.jena.query.TestParameterizedSparqlString" time="0.001"/>
  <testcase name="test_param_string_constructor_3" classname="org.apache.jena.query.TestParameterizedSparqlString" time="0"/>
  <testcase name="test_param_string_constructor_4" classname="org.apache.jena.query.TestParameterizedSparqlString" time="0.024"/>
  <testcase name="test_param_string_constructor_5" classname="org.apache.jena.query.TestParameterizedSparqlString" time="0"/>
  <testcase name="test_param_string_constructor_6" classname="org.apache.jena.query.TestParameterizedSparqlString" time="0"/>
  <testcase name="test_param_string_constructor_7" classname="org.apache.jena.query.TestParameterizedSparqlString" time="0"/>
  <testcase name="test_param_string_constructor_8" classname="org.apache.jena.query.TestParameterizedSparqlString" time="0"/>
  <testcase name="test_param_string_constructor_9" classname="org.apache.jena.query.TestParameterizedSparqlString" time="0"/>
  <testcase name="test_param_string_bnode_1" classname="org.apache.jena.query.TestParameterizedSparqlString" time="0.001"/>
  <testcase name="test_param_string_bnode_2" classname="org.apache.jena.query.TestParameterizedSparqlString" time="0"/>
  <testcase name="test_param_string_bnode_3" classname="org.apache.jena.query.TestParameterizedSparqlString" time="1.291"/>
  <testcase name="test_param_string_name_collision_1" classname="org.apache.jena.query.TestParameterizedSparqlString" time="0.001"/>
  <testcase name="test_param_string_name_collision_2" classname="org.apache.jena.query.TestParameterizedSparqlString" time="0.001"/>
  <testcase name="test_param_string_name_collision_3" classname="org.apache.jena.query.TestParameterizedSparqlString" time="0.001"/>
  <testcase name="test_param_string_append_iri_1" classname="org.apache.jena.query.TestParameterizedSparqlString" time="0"/>
  <testcase name="test_param_string_append_iri_2" classname="org.apache.jena.query.TestParameterizedSparqlString" time="0.001"/>
  <testcase name="test_param_string_base_1" classname="org.apache.jena.query.TestParameterizedSparqlString" time="0.002"/>
  <testcase name="test_param_string_bug_01" classname="org.apache.jena.query.TestParameterizedSparqlString" time="0"/>
  <testcase name="test_param_string_bug_02" classname="org.apache.jena.query.TestParameterizedSparqlString" time="0"/>
  <testcase name="test_param_string_bug_03" classname="org.apache.jena.query.TestParameterizedSparqlString" time="0"/>
  <testcase name="test_param_string_bug_04" classname="org.apache.jena.query.TestParameterizedSparqlString" time="0.001"/>
  <testcase name="test_param_string_copy_1" classname="org.apache.jena.query.TestParameterizedSparqlString" time="0"/>
  <testcase name="test_param_string_copy_2" classname="org.apache.jena.query.TestParameterizedSparqlString" time="0"/>
  <testcase name="test_param_string_copy_3" classname="org.apache.jena.query.TestParameterizedSparqlString" time="0"/>
  <testcase name="test_param_string_copy_4" classname="org.apache.jena.query.TestParameterizedSparqlString" time="0"/>
  <testcase name="test_param_string_copy_5" classname="org.apache.jena.query.TestParameterizedSparqlString" time="0.001"/>
  <testcase name="test_param_string_copy_6" classname="org.apache.jena.query.TestParameterizedSparqlString" time="0"/>
  <testcase name="test_param_string_copy_7" classname="org.apache.jena.query.TestParameterizedSparqlString" time="0"/>
  <testcase name="test_param_string_copy_8" classname="org.apache.jena.query.TestParameterizedSparqlString" time="0"/>
  <testcase name="test_param_string_date_1" classname="org.apache.jena.query.TestParameterizedSparqlString" time="0.002"/>
  <testcase name="test_param_string_date_2" classname="org.apache.jena.query.TestParameterizedSparqlString" time="0.005"/>
  <testcase name="test_param_string_date_3" classname="org.apache.jena.query.TestParameterizedSparqlString" time="0"/>
  <testcase name="test_param_string_date_4" classname="org.apache.jena.query.TestParameterizedSparqlString" time="0"/>
  <testcase name="test_param_string_clear_1" classname="org.apache.jena.query.TestParameterizedSparqlString" time="0"/>
  <testcase name="test_param_string_clear_2" classname="org.apache.jena.query.TestParameterizedSparqlString" time="0"/>
  <testcase name="test_param_string_clear_3" classname="org.apache.jena.query.TestParameterizedSparqlString" time="0.001"/>
  <testcase name="test_param_string_clear_4" classname="org.apache.jena.query.TestParameterizedSparqlString" time="0"/>
  <testcase name="test_param_string_clear_5" classname="org.apache.jena.query.TestParameterizedSparqlString" time="0"/>
  <testcase name="test_param_string_clear_6" classname="org.apache.jena.query.TestParameterizedSparqlString" time="0"/>
  <testcase name="test_param_string_positional_eligible_1" classname="org.apache.jena.query.TestParameterizedSparqlString" time="0"/>
  <testcase name="test_param_string_positional_eligible_2" classname="org.apache.jena.query.TestParameterizedSparqlString" time="0.001"/>
  <testcase name="test_param_string_positional_eligible_3" classname="org.apache.jena.query.TestParameterizedSparqlString" time="0"/>
  <testcase name="test_param_string_bad_1" classname="org.apache.jena.query.TestParameterizedSparqlString" time="0"/>
  <testcase name="test_param_string_int_1" classname="org.apache.jena.query.TestParameterizedSparqlString" time="0.002"/>
  <testcase name="test_param_string_int_2" classname="org.apache.jena.query.TestParameterizedSparqlString" time="0"/>
  <testcase name="test_param_string_int_3" classname="org.apache.jena.query.TestParameterizedSparqlString" time="0.002"/>
  <testcase name="test_param_string_int_4" classname="org.apache.jena.query.TestParameterizedSparqlString" time="0"/>
  <testcase name="test_param_string_int_5" classname="org.apache.jena.query.TestParameterizedSparqlString" time="0"/>
  <testcase name="test_param_string_int_6" classname="org.apache.jena.query.TestParameterizedSparqlString" time="0.002"/>
  <testcase name="test_param_string_iri_1" classname="org.apache.jena.query.TestParameterizedSparqlString" time="0"/>
  <testcase name="test_param_string_iri_2" classname="org.apache.jena.query.TestParameterizedSparqlString" time="0"/>
  <testcase name="test_param_string_iri_3" classname="org.apache.jena.query.TestParameterizedSparqlString" time="0.001"/>
  <testcase name="test_param_string_iri_4" classname="org.apache.jena.query.TestParameterizedSparqlString" time="0"/>
  <testcase name="test_param_string_iri_5" classname="org.apache.jena.query.TestParameterizedSparqlString" time="0"/>
  <testcase name="test_param_string_positional_non_injection_01" classname="org.apache.jena.query.TestParameterizedSparqlString" time="0"/>
  <testcase name="test_param_string_lang_1" classname="org.apache.jena.query.TestParameterizedSparqlString" time="0.001"/>
  <testcase name="test_param_string_lang_2" classname="org.apache.jena.query.TestParameterizedSparqlString" time="0.001"/>
  <testcase name="test_param_string_lang_3" classname="org.apache.jena.query.TestParameterizedSparqlString" time="0.001"/>
  <testcase name="test_param_string_lang_4" classname="org.apache.jena.query.TestParameterizedSparqlString" time="0"/>
  <testcase name="test_param_string_mixed_1" classname="org.apache.jena.query.TestParameterizedSparqlString" time="0.001"/>
</testsuite>