<?xml version="1.0" encoding="UTF-8"?>
<testsuite xmlns:xsi="http://www.w3.org/2001/XMLSchema-instance" xsi:schemaLocation="https://maven.apache.org/surefire/maven-surefire-plugin/xsd/surefire-test-report.xsd" name="org.apache.jena.riot.tokens.TS_Tokens" time="0.049" tests="150" errors="0" skipped="0" failures="0">
  <properties>
[...]
</properties>
  <testcase name="tokenUnit_syntax1" classname="org.apache.jena.riot.tokens.TestTokenizer" time="0"/>
  <testcase name="tokenUnit_syntax2" classname="org.apache.jena.riot.tokens.TestTokenizer" time="0"/>
  <testcase name="tokenUnit_bNode1" classname="org.apache.jena.riot.tokens.TestTokenizer" time="0"/>
  <testcase name="tokenUnit_bNode2" classname="org.apache.jena.riot.tokens.TestTokenizer" time="0"/>
  <testcase name="tokenUnit_bNode3" classname="org.apache.jena.riot.tokens.TestTokenizer" time="0"/>
  <testcase name="tokenUnit_bNode4" classname="org.apache.jena.riot.tokens.TestTokenizer" time="0"/>
  <testcase name="tokenUnit_bNode5" classname="org.apache.jena.riot.tokens.TestTokenizer" time="0"/>
  <testcase name="tokenUnit_bNode6" classname="org.apache.jena.riot.tokens.TestTokenizer" time="0.001"/>
  <testcase name="tokenUnit_25" classname="org.apache.jena.riot.tokens.TestTokenizer" time="0"/>
  <testcase name="directive_1" classname="org.apache.jena.riot.tokens.TestTokenizer" time="0"/>
  <testcase name="directive_2" classname="org.apache.jena.riot.tokens.TestTokenizer" time="0"/>
  <testcase name="directive_3" classname="org.apache.jena.riot.tokens.TestTokenizer" time="0"/>
  <testcase name="tokenUnit_pname1" classname="org.apache.jena.riot.tokens.TestTokenizer" time="0"/>
  <testcase name="tokenUnit_pname2" classname="org.apache.jena.riot.tokens.TestTokenizer" time="0"/>
  <testcase name="tokenUnit_pname3" classname="org.apache.jena.riot.tokens.TestTokenizer" time="0"/>
  <testcase name="tokenUnit_pname4" classname="org.apache.jena.riot.tokens.TestTokenizer" time="0"/>
  <testcase name="tokenUnit_pname5" classname="org.apache.jena.riot.tokens.TestTokenizer" time="0"/>
  <testcase name="tokenUnit_pname6" classname="org.apache.jena.riot.tokens.TestTokenizer" time="0"/>
  <testcase name="tokenUnit_pname7" classname="org.apache.jena.riot.tokens.TestTokenizer" time="0"/>
  <testcase name="tokenUnit_pname8" classname="org.apache.jena.riot.tokens.TestTokenizer" time="0"/>
  <testcase name="tokenUnit_pname9" classname="org.apache.jena.riot.tokens.TestTokenizer" time="0"/>
  <testcase name="tokenLiteralDT_0" classname="org.apache.jena.riot.tokens.TestTokenizer" time="0"/>
  <testcase name="tokenLiteralDT_1" classname="org.apache.jena.riot.tokens.TestTokenizer" time="0"/>
  <testcase name="tokenLiteralDT_2" classname="org.apache.jena.riot.tokens.TestTokenizer" time="0"/>
  <testcase name="tokenLiteralDT_3" classname="org.apache.jena.riot.tokens.TestTokenizer" time="0"/>
  <testcase name="token_multiple" classname="org.apache.jena.riot.tokens.TestTokenizer" time="0"/>
  <testcase name="tokenUnit_pname10" classname="org.apache.jena.riot.tokens.TestTokenizer" time="0"/>
  <testcase name="tokenUnit_pname11" classname="org.apache.jena.riot.tokens.TestTokenizer" time="0"/>
  <testcase name="tokenUnit_pname12" classname="org.apache.jena.riot.tokens.TestTokenizer" time="0"/>
  <testcase name="tokenUnit_pname13" classname="org.apache.jena.riot.tokens.TestTokenizer" time="0"/>
  <testcase name="tokenUnit_pname14" classname="org.apache.jena.riot.tokens.TestTokenizer" time="0"/>
  <testcase name="tokenUnit_pname15" classname="org.apache.jena.riot.tokens.TestTokenizer" time="0"/>
  <testcase name="tokenUnit_pname16" classname="org.apache.jena.riot.tokens.TestTokenizer" time="0"/>
  <testcase name="tokenUnit_pname17" classname="org.apache.jena.riot.tokens.TestTokenizer" time="0"/>
  <testcase name="tokenUnit_pname18" classname="org.apache.jena.riot.tokens.TestTokenizer" time="0"/>
  <testcase name="tokenUnit_pname19" classname="org.apache.jena.riot.tokens.TestTokenizer" time="0"/>
  <testcase name="tokenLiteralLang_0" classname="org.apache.jena.riot.tokens.TestTokenizer" time="0.004"/>
  <testcase name="tokenLiteralLang_1" classname="org.apache.jena.riot.tokens.TestTokenizer" time="0"/>
  <testcase name="tokenLiteralLang_2" classname="org.apache.jena.riot.tokens.TestTokenizer" time="0"/>
  <testcase name="tokenLiteralLang_3" classname="org.apache.jena.riot.tokens.TestTokenizer" time="0"/>
  <testcase name="tokenLiteralLang_4" classname="org.apache.jena.riot.tokens.TestTokenizer" time="0"/>
  <testcase name="tokenLiteralLang_5" classname="org.apache.jena.riot.tokens.TestTokenizer" time="0"/>
  <testcase name="tokenLiteralLang_6" classname="org.apache.jena.riot.tokens.TestTokenizer" time="0"/>
  <testcase name="tokenLiteralLang_7" classname="org.apache.jena.riot.tokens.TestTokenizer" time="0"/>
  <testcase name="tokenLiteralLang_8" classname="org.apache.jena.riot.tokens.TestTokenizer" time="0"/>
  <testcase name="tokenizer_symbol_02" classname="org.apache.jena.riot.tokens.TestTokenizer" time="0"/>
  <testcase name="tokenizer_symbol_03" classname="org.apache.jena.riot.tokens.TestTokenizer" time="0"/>
  <testcase name="tokenizer_symbol_05" classname="org.apache.jena.riot.tokens.TestTokenizer" time="0"/>
  <testcase name="tokenizer_symbol_06" classname="org.apache.jena.riot.tokens.TestTokenizer" time="0"/>
  <testcase name="tokenizer_symbol_11" classname="org.apache.jena.riot.tokens.TestTokenizer" time="0"/>
  <testcase name="tokenizer_symbol_12" classname="org.apache.jena.riot.tokens.TestTokenizer" time="0"/>
  <testcase name="tokenWord_01" classname="org.apache.jena.riot.tokens.TestTokenizer" time="0"/>
  <testcase name="tokenComment_01" classname="org.apache.jena.riot.tokens.TestTokenizer" time="0"/>
  <testcase name="tokenComment_02" classname="org.apache.jena.riot.tokens.TestTokenizer" time="0"/>
  <testcase name="tokenComment_03" classname="org.apache.jena.riot.tokens.TestTokenizer" time="0"/>
  <testcase name="token_newlines_1" classname="org.apache.jena.riot.tokens.TestTokenizer" time="0"/>
  <testcase name="token_newlines_2" classname="org.apache.jena.riot.tokens.TestTokenizer" time="0"/>
  <testcase name="token_newlines_3" classname="org.apache.jena.riot.tokens.TestTokenizer" time="0"/>
  <testcase name="token_newlines_4" classname="org.apache.jena.riot.tokens.TestTokenizer" time="0"/>
  <testcase name="tokenUnit_hex1" classname="org.apache.jena.riot.tokens.TestTokenizer" time="0"/>
  <testcase name="tokenUnit_hex2" classname="org.apache.jena.riot.tokens.TestTokenizer" time="0"/>
  <testcase name="tokenUnit_hex3" classname="org.apache.jena.riot.tokens.TestTokenizer" time="0"/>
  <testcase name="tokenUnit_hex4" classname="org.apache.jena.riot.tokens.TestTokenizer" time="0"/>
  <testcase name="tokenUnit_iri1" classname="org.apache.jena.riot.tokens.TestTokenizer" time="0"/>
  <testcase name="tokenUnit_iri2" classname="org.apache.jena.riot.tokens.TestTokenizer" time="0"/>
  <testcase name="tokenUnit_iri3" classname="org.apache.jena.riot.tokens.TestTokenizer" time="0"/>
  <testcase name="tokenUnit_iri4" classname="org.apache.jena.riot.tokens.TestTokenizer" time="0"/>
  <testcase name="tokenUnit_iri5" classname="org.apache.jena.riot.tokens.TestTokenizer" time="0"/>
  <testcase name="tokenUnit_iri6" classname="org.apache.jena.riot.tokens.TestTokenizer" time="0"/>
  <testcase name="tokenUnit_num1" classname="org.apache.jena.riot.tokens.TestTokenizer" time="0"/>
  <testcase name="tokenUnit_num2" classname="org.apache.jena.riot.tokens.TestTokenizer" time="0"/>
  <testcase name="tokenUnit_num3" classname="org.apache.jena.riot.tokens.TestTokenizer" time="0"/>
  <testcase name="tokenUnit_num4" classname="org.apache.jena.riot.tokens.TestTokenizer" time="0"/>
  <testcase name="tokenUnit_num5" classname="org.apache.jena.riot.tokens.TestTokenizer" time="0"/>
  <testcase name="tokenUnit_num6" classname="org.apache.jena.riot.tokens.TestTokenizer" time="0"/>
  <testcase name="tokenUnit_num7" classname="org.apache.jena.riot.tokens.TestTokenizer" time="0"/>
  <testcase name="tokenUnit_num8" classname="org.apache.jena.riot.tokens.TestTokenizer" time="0.008"/>
  <testcase name="tokenUnit_num9" classname="org.apache.jena.riot.tokens.TestTokenizer" time="0.001"/>
  <testcase name="tokenUnit_str1" classname="org.apache.jena.riot.tokens.TestTokenizer" time="0"/>
  <testcase name="tokenUnit_str2" classname="org.apache.jena.riot.tokens.TestTokenizer" time="0"/>
  <testcase name="tokenUnit_str3" classname="org.apache.jena.riot.tokens.TestTokenizer" time="0"/>
  <testcase name="tokenUnit_str4" classname="org.apache.jena.riot.tokens.TestTokenizer" time="0"/>
  <testcase name="tokenUnit_str5" classname="org.apache.jena.riot.tokens.TestTokenizer" time="0"/>
  <testcase name="tokenUnit_str6" classname="org.apache.jena.riot.tokens.TestTokenizer" time="0.001"/>
  <testcase name="tokenUnit_str7" classname="org.apache.jena.riot.tokens.TestTokenizer" time="0"/>
  <testcase name="tokenUnit_str8" classname="org.apache.jena.riot.tokens.TestTokenizer" time="0"/>
  <testcase name="tokenUnit_str9" classname="org.apache.jena.riot.tokens.TestTokenizer" time="0"/>
  <testcase name="tokenUnit_var1" classname="org.apache.jena.riot.tokens.TestTokenizer" time="0"/>
  <testcase name="tokenUnit_var2" classname="org.apache.jena.riot.tokens.TestTokenizer" time="0.001"/>
  <testcase name="tokenUnit_var3" classname="org.apache.jena.riot.tokens.TestTokenizer" time="0"/>
  <testcase name="tokenUnit_var4" classname="org.apache.jena.riot.tokens.TestTokenizer" time="0"/>
  <testcase name="tokenUnit_var5" classname="org.apache.jena.riot.tokens.TestTokenizer" time="0"/>
  <testcase name="tokenUnit_var6" classname="org.apache.jena.riot.tokens.TestTokenizer" time="0"/>
  <testcase name="tokenUnit_str_long10" classname="org.apache.jena.riot.tokens.TestTokenizer" time="0"/>
  <testcase name="tokenUnit_str_long11" classname="org.apache.jena.riot.tokens.TestTokenizer" time="0"/>
  <testcase name="tokenUnit_str_long12" classname="org.apache.jena.riot.tokens.TestTokenizer" time="0.001"/>
  <testcase name="tokenLiteralLang_bad_1" classname="org.apache.jena.riot.tokens.TestTokenizer" time="0"/>
  <testcase name="tokenLiteralLang_bad_2" classname="org.apache.jena.riot.tokens.TestTokenizer" time="0"/>
  <testcase name="tokenUnit_str_long1" classname="org.apache.jena.riot.tokens.TestTokenizer" time="0"/>
  <testcase name="tokenUnit_str_long2" classname="org.apache.jena.riot.tokens.TestTokenizer" time="0.001"/>
  <testcase name="tokenUnit_str_long3" classname="org.apache.jena.riot.tokens.TestTokenizer" time="0"/>
  <testcase name="tokenUnit_str_long4" classname="org.apache.jena.riot.tokens.TestTokenizer" time="0"/>
  <testcase name="tokenUnit_str_long5" classname="org.apache.jena.riot.tokens.TestTokenizer" time="0"/>
  <testcase name="tokenUnit_str_long6" classname="org.apache.jena.riot.tokens.TestTokenizer" time="0"/>
  <testcase name="tokenUnit_str_long7" classname="org.apache.jena.riot.tokens.TestTokenizer" time="0.004"/>
  <testcase name="tokenUnit_str_long8" classname="org.apache.jena.riot.tokens.TestTokenizer" time="0"/>
  <testcase name="tokenUnit_str_long9" classname="org.apache.jena.riot.tokens.TestTokenizer" time="0"/>
  <testcase name="tokenizer_BOM_1" classname="org.apache.jena.riot.tokens.TestTokenizer" time="0.001"/>
  <testcase name="tokenUnit_symbol_11" classname="org.apache.jena.riot.tokens.TestTokenizer" time="0"/>
  <testcase name="tokenUnit_symbol_12" classname="org.apache.jena.riot.tokens.TestTokenizer" time="0"/>
  <testcase name="tokenUnit_symbol_13" classname="org.apache.jena.riot.tokens.TestTokenizer" time="0"/>
  <testcase name="tokenUnit_symbol_14" classname="org.apache.jena.riot.tokens.TestTokenizer" time="0"/>
  <testcase name="tokenUnit_symbol_15" classname="org.apache.jena.riot.tokens.TestTokenizer" time="0"/>
  <testcase name="tokenUnit_symbol_16" classname="org.apache.jena.riot.tokens.TestTokenizer" time="0"/>
  <testcase name="tokenUnit_symbol_17" classname="org.apache.jena.riot.tokens.TestTokenizer" time="0"/>
  <testcase name="tokenUnit_symbol_18" classname="org.apache.jena.riot.tokens.TestTokenizer" time="0"/>
  <testcase name="tokenUnit_iri10" classname="org.apache.jena.riot.tokens.TestTokenizer" time="0"/>
  <testcase name="tokenUnit_iri11" classname="org.apache.jena.riot.tokens.TestTokenizer" time="0.001"/>
  <testcase name="tokenUnit_iri12" classname="org.apache.jena.riot.tokens.TestTokenizer" time="0"/>
  <testcase name="tokenUnit_iri13" classname="org.apache.jena.riot.tokens.TestTokenizer" time="0"/>
  <testcase name="tokenUnit_iri14" classname="org.apache.jena.riot.tokens.TestTokenizer" time="0.001"/>
  <testcase name="tokenUnit_iri15" classname="org.apache.jena.riot.tokens.TestTokenizer" time="0"/>
  <testcase name="tokenUnit_iri16" classname="org.apache.jena.riot.tokens.TestTokenizer" time="0"/>
  <testcase name="tokenUnit_iri17" classname="org.apache.jena.riot.tokens.TestTokenizer" time="0"/>
  <testcase name="tokenUnit_iri18" classname="org.apache.jena.riot.tokens.TestTokenizer" time="0"/>
  <testcase name="tokenUnit_iri19" classname="org.apache.jena.riot.tokens.TestTokenizer" time="0"/>
  <testcase name="tokenUnit_iri20" classname="org.apache.jena.riot.tokens.TestTokenizer" time="0"/>
  <testcase name="tokenUnit_iri21" classname="org.apache.jena.riot.tokens.TestTokenizer" time="0.001"/>
  <testcase name="tokenUnit_iri22" classname="org.apache.jena.riot.tokens.TestTokenizer" time="0"/>
  <testcase name="tokenUnit_iri23" classname="org.apache.jena.riot.tokens.TestTokenizer" time="0"/>
  <testcase name="tokenUnit_num10" classname="org.apache.jena.riot.tokens.TestTokenizer" time="0"/>
  <testcase name="tokenUnit_num11" classname="org.apache.jena.riot.tokens.TestTokenizer" time="0"/>
  <testcase name="tokenUnit_num12" classname="org.apache.jena.riot.tokens.TestTokenizer" time="0"/>
  <testcase name="tokenUnit_str10" classname="org.apache.jena.riot.tokens.TestTokenizer" time="0"/>
  <testcase name="tokenUnit_str11" classname="org.apache.jena.riot.tokens.TestTokenizer" time="0"/>
  <testcase name="tokenizer_charset_1" classname="org.apache.jena.riot.tokens.TestTokenizer" time="0"/>
  <testcase name="tokenizer_charset_2" classname="org.apache.jena.riot.tokens.TestTokenizer" time="0"/>
  <testcase name="tokenizer_charset_3" classname="org.apache.jena.riot.tokens.TestTokenizer" time="0"/>
  <testcase name="tokenLiteralDT_bad_1" classname="org.apache.jena.riot.tokens.TestTokenizer" time="0"/>
  <testcase name="tokenForNode01" classname="org.apache.jena.riot.tokens.TestTokenForNode" time="0.001"/>
  <testcase name="tokenForNode02" classname="org.apache.jena.riot.tokens.TestTokenForNode" time="0"/>
  <testcase name="tokenForNode03" classname="org.apache.jena.riot.tokens.TestTokenForNode" time="0"/>
  <testcase name="tokenForNode04" classname="org.apache.jena.riot.tokens.TestTokenForNode" time="0"/>
  <testcase name="tokenForNode05" classname="org.apache.jena.riot.tokens.TestTokenForNode" time="0"/>
  <testcase name="tokenForNode06" classname="org.apache.jena.riot.tokens.TestTokenForNode" time="0"/>
  <testcase name="tokenForNode07" classname="org.apache.jena.riot.tokens.TestTokenForNode" time="0"/>
  <testcase name="tokenForNode08" classname="org.apache.jena.riot.tokens.TestTokenForNode" time="0"/>
  <testcase name="tokenForNode20" classname="org.apache.jena.riot.tokens.TestTokenForNode" time="0.001"/>
  <testcase name="tokenForNode21" classname="org.apache.jena.riot.tokens.TestTokenForNode" time="0"/>
  <testcase name="tokenForNode22" classname="org.apache.jena.riot.tokens.TestTokenForNode" time="0"/>
</testsuite>