<?xml version="1.0" encoding="UTF-8"?>
<testsuite xmlns:xsi="http://www.w3.org/2001/XMLSchema-instance" xsi:schemaLocation="https://maven.apache.org/surefire/maven-surefire-plugin/xsd/surefire-test-report.xsd" name="org.apache.jena.sparql.core.TS_Core" time="0.189" tests="245" errors="0" skipped="0" failures="0">
  <properties>
[...]
</properties>
  <testcase name="testCxt1" classname="org.apache.jena.sparql.core.TestContext" time="0"/>
  <testcase name="testCxt2" classname="org.apache.jena.sparql.core.TestContext" time="0"/>
  <testcase name="testCxt3" classname="org.apache.jena.sparql.core.TestContext" time="0"/>
  <testcase name="testCxt4" classname="org.apache.jena.sparql.core.TestContext" time="0"/>
  <testcase name="testCxt5" classname="org.apache.jena.sparql.core.TestContext" time="0"/>
  <testcase name="testCxt6" classname="org.apache.jena.sparql.core.TestContext" time="0"/>
  <testcase name="testCxt7" classname="org.apache.jena.sparql.core.TestContext" time="0"/>
  <testcase name="testCxt8" classname="org.apache.jena.sparql.core.TestContext" time="0"/>
  <testcase name="testCxt9" classname="org.apache.jena.sparql.core.TestContext" time="0"/>
  <testcase name="deleteAny_01" classname="org.apache.jena.sparql.core.TestDatasetGraphMem" time="0.001"/>
  <testcase name="deleteAny_02" classname="org.apache.jena.sparql.core.TestDatasetGraphMem" time="0"/>
  <testcase name="find_01" classname="org.apache.jena.sparql.core.TestDatasetGraphMem" time="0"/>
  <testcase name="graph_00" classname="org.apache.jena.sparql.core.TestDatasetGraphMem" time="0.001"/>
  <testcase name="graph_01" classname="org.apache.jena.sparql.core.TestDatasetGraphMem" time="0"/>
  <testcase name="graph_02" classname="org.apache.jena.sparql.core.TestDatasetGraphMem" time="0"/>
  <testcase name="graph_03" classname="org.apache.jena.sparql.core.TestDatasetGraphMem" time="0"/>
  <testcase name="quad_01" classname="org.apache.jena.sparql.core.TestDatasetGraphMem" time="0"/>
  <testcase name="quad_02" classname="org.apache.jena.sparql.core.TestDatasetGraphMem" time="0"/>
  <testcase name="quad_03" classname="org.apache.jena.sparql.core.TestDatasetGraphMem" time="0.001"/>
  <testcase name="quad_04" classname="org.apache.jena.sparql.core.TestDatasetGraphMem" time="0"/>
  <testcase name="quad_05" classname="org.apache.jena.sparql.core.TestDatasetGraphMem" time="0"/>
  <testcase name="clear_01" classname="org.apache.jena.sparql.core.TestDatasetGraphMem" time="0"/>
  <testcase name="create_1" classname="org.apache.jena.sparql.core.TestDatasetGraphMem" time="0"/>
  <testcase name="deleteAny_01" classname="org.apache.jena.sparql.core.TestDatasetGraphMemTriplesQuads" time="0.013"/>
  <testcase name="deleteAny_02" classname="org.apache.jena.sparql.core.TestDatasetGraphMemTriplesQuads" time="0"/>
  <testcase name="find_01" classname="org.apache.jena.sparql.core.TestDatasetGraphMemTriplesQuads" time="0"/>
  <testcase name="graph_00" classname="org.apache.jena.sparql.core.TestDatasetGraphMemTriplesQuads" time="0.001"/>
  <testcase name="graph_01" classname="org.apache.jena.sparql.core.TestDatasetGraphMemTriplesQuads" time="0.001"/>
  <testcase name="graph_02" classname="org.apache.jena.sparql.core.TestDatasetGraphMemTriplesQuads" time="0"/>
  <testcase name="graph_03" classname="org.apache.jena.sparql.core.TestDatasetGraphMemTriplesQuads" time="0"/>
  <testcase name="quad_01" classname="org.apache.jena.sparql.core.TestDatasetGraphMemTriplesQuads" time="0"/>
  <testcase name="quad_02" classname="org.apache.jena.sparql.core.TestDatasetGraphMemTriplesQuads" time="0"/>
  <testcase name="quad_03" classname="org.apache.jena.sparql.core.TestDatasetGraphMemTriplesQuads" time="0.001"/>
  <testcase name="quad_04" classname="org.apache.jena.sparql.core.TestDatasetGraphMemTriplesQuads" time="0"/>
  <testcase name="quad_05" classname="org.apache.jena.sparql.core.TestDatasetGraphMemTriplesQuads" time="0"/>
  <testcase name="clear_01" classname="org.apache.jena.sparql.core.TestDatasetGraphMemTriplesQuads" time="0"/>
  <testcase name="create_1" classname="org.apache.jena.sparql.core.TestDatasetGraphMemTriplesQuads" time="0"/>
  <testcase name="dataset_01" classname="org.apache.jena.sparql.core.TestDatasetGeneral" time="0"/>
  <testcase name="dataset_02" classname="org.apache.jena.sparql.core.TestDatasetGeneral" time="0"/>
  <testcase name="dataset_03" classname="org.apache.jena.sparql.core.TestDatasetGeneral" time="0"/>
  <testcase name="dataset_04" classname="org.apache.jena.sparql.core.TestDatasetGeneral" time="0"/>
  <testcase name="dataset_05" classname="org.apache.jena.sparql.core.TestDatasetGeneral" time="0"/>
  <testcase name="graphDSG_view_union_1" classname="org.apache.jena.sparql.core.TestDatasetGraphsRegular" time="0.023"/>
  <testcase name="graphDGS_update_1" classname="org.apache.jena.sparql.core.TestDatasetGraphsRegular" time="0"/>
  <testcase name="graphDGS_update_2" classname="org.apache.jena.sparql.core.TestDatasetGraphsRegular" time="0"/>
  <testcase name="graphDSG_contains_1" classname="org.apache.jena.sparql.core.TestDatasetGraphsRegular" time="0"/>
  <testcase name="graphDSG_contains_2" classname="org.apache.jena.sparql.core.TestDatasetGraphsRegular" time="0"/>
  <testcase name="graphDSG_view_1" classname="org.apache.jena.sparql.core.TestDatasetGraphsRegular" time="0"/>
  <testcase name="graphDSG_view_2" classname="org.apache.jena.sparql.core.TestDatasetGraphsRegular" time="0"/>
  <testcase name="graphDSG_view_3" classname="org.apache.jena.sparql.core.TestDatasetGraphsRegular" time="0"/>
  <testcase name="graphDSG_view_4" classname="org.apache.jena.sparql.core.TestDatasetGraphsRegular" time="0.001"/>
  <testcase name="graphDSG_prefixes_1" classname="org.apache.jena.sparql.core.TestDatasetGraphsRegular" time="0"/>
  <testcase name="graphDSG_prefixes_2" classname="org.apache.jena.sparql.core.TestDatasetGraphsRegular" time="0"/>
  <testcase name="graphDSG_prefixes_3" classname="org.apache.jena.sparql.core.TestDatasetGraphsRegular" time="0"/>
  <testcase name="graphDSG_prefixes_4" classname="org.apache.jena.sparql.core.TestDatasetGraphsRegular" time="0"/>
  <testcase name="copyAdd_01" classname="org.apache.jena.sparql.core.TestDatasetGraphCopyAdd" time="0"/>
  <testcase name="deleteAny_01" classname="org.apache.jena.sparql.core.TestDatasetGraphCopyAdd" time="0"/>
  <testcase name="deleteAny_02" classname="org.apache.jena.sparql.core.TestDatasetGraphCopyAdd" time="0"/>
  <testcase name="find_01" classname="org.apache.jena.sparql.core.TestDatasetGraphCopyAdd" time="0"/>
  <testcase name="graph_00" classname="org.apache.jena.sparql.core.TestDatasetGraphCopyAdd" time="0.001"/>
  <testcase name="graph_01" classname="org.apache.jena.sparql.core.TestDatasetGraphCopyAdd" time="0"/>
  <testcase name="graph_02" classname="org.apache.jena.sparql.core.TestDatasetGraphCopyAdd" time="0"/>
  <testcase name="graph_03" classname="org.apache.jena.sparql.core.TestDatasetGraphCopyAdd" time="0"/>
  <testcase name="quad_01" classname="org.apache.jena.sparql.core.TestDatasetGraphCopyAdd" time="0"/>
  <testcase name="quad_02" classname="org.apache.jena.sparql.core.TestDatasetGraphCopyAdd" time="0.001"/>
  <testcase name="quad_03" classname="org.apache.jena.sparql.core.TestDatasetGraphCopyAdd" time="0"/>
  <testcase name="quad_04" classname="org.apache.jena.sparql.core.TestDatasetGraphCopyAdd" time="0"/>
  <testcase name="quad_05" classname="org.apache.jena.sparql.core.TestDatasetGraphCopyAdd" time="0"/>
  <testcase name="clear_01" classname="org.apache.jena.sparql.core.TestDatasetGraphCopyAdd" time="0.001"/>
  <testcase name="create_1" classname="org.apache.jena.sparql.core.TestDatasetGraphCopyAdd" time="0"/>
  <testcase name="graphDSG_view_union_1" classname="org.apache.jena.sparql.core.TestGraphOverDatasetMem" time="0"/>
  <testcase name="graphDGS_update_1" classname="org.apache.jena.sparql.core.TestGraphOverDatasetMem" time="0"/>
  <testcase name="graphDGS_update_2" classname="org.apache.jena.sparql.core.TestGraphOverDatasetMem" time="0.001"/>
  <testcase name="graphDSG_contains_1" classname="org.apache.jena.sparql.core.TestGraphOverDatasetMem" time="0"/>
  <testcase name="graphDSG_contains_2" classname="org.apache.jena.sparql.core.TestGraphOverDatasetMem" time="0"/>
  <testcase name="graphDSG_view_1" classname="org.apache.jena.sparql.core.TestGraphOverDatasetMem" time="0"/>
  <testcase name="graphDSG_view_2" classname="org.apache.jena.sparql.core.TestGraphOverDatasetMem" time="0"/>
  <testcase name="graphDSG_view_3" classname="org.apache.jena.sparql.core.TestGraphOverDatasetMem" time="0"/>
  <testcase name="graphDSG_view_4" classname="org.apache.jena.sparql.core.TestGraphOverDatasetMem" time="0"/>
  <testcase name="graphDSG_prefixes_1" classname="org.apache.jena.sparql.core.TestGraphOverDatasetMem" time="0"/>
  <testcase name="graphDSG_prefixes_2" classname="org.apache.jena.sparql.core.TestGraphOverDatasetMem" time="0"/>
  <testcase name="graphDSG_prefixes_3" classname="org.apache.jena.sparql.core.TestGraphOverDatasetMem" time="0.001"/>
  <testcase name="graphDSG_prefixes_4" classname="org.apache.jena.sparql.core.TestGraphOverDatasetMem" time="0"/>
  <testcase name="graphDSG_view_union_2" classname="org.apache.jena.sparql.core.TestDatasetGraphViewGraphs" time="0"/>
  <testcase name="graphDSG_view_union_3" classname="org.apache.jena.sparql.core.TestDatasetGraphViewGraphs" time="0"/>
  <testcase name="graphDSG_basic_1" classname="org.apache.jena.sparql.core.TestDatasetGraphViewGraphs" time="0"/>
  <testcase name="graphDSG_basic_2" classname="org.apache.jena.sparql.core.TestDatasetGraphViewGraphs" time="0"/>
  <testcase name="graphDSG_view_union_1" classname="org.apache.jena.sparql.core.TestDatasetGraphViewGraphs" time="0"/>
  <testcase name="graphDGS_update_1" classname="org.apache.jena.sparql.core.TestDatasetGraphViewGraphs" time="0.001"/>
  <testcase name="graphDGS_update_2" classname="org.apache.jena.sparql.core.TestDatasetGraphViewGraphs" time="0"/>
  <testcase name="graphDSG_contains_1" classname="org.apache.jena.sparql.core.TestDatasetGraphViewGraphs" time="0"/>
  <testcase name="graphDSG_contains_2" classname="org.apache.jena.sparql.core.TestDatasetGraphViewGraphs" time="0"/>
  <testcase name="graphDSG_view_1" classname="org.apache.jena.sparql.core.TestDatasetGraphViewGraphs" time="0"/>
  <testcase name="graphDSG_view_2" classname="org.apache.jena.sparql.core.TestDatasetGraphViewGraphs" time="0"/>
  <testcase name="graphDSG_view_3" classname="org.apache.jena.sparql.core.TestDatasetGraphViewGraphs" time="0"/>
  <testcase name="graphDSG_view_4" classname="org.apache.jena.sparql.core.TestDatasetGraphViewGraphs" time="0"/>
  <testcase name="graphDSG_prefixes_1" classname="org.apache.jena.sparql.core.TestDatasetGraphViewGraphs" time="0"/>
  <testcase name="graphDSG_prefixes_2" classname="org.apache.jena.sparql.core.TestDatasetGraphViewGraphs" time="0"/>
  <testcase name="graphDSG_prefixes_3" classname="org.apache.jena.sparql.core.TestDatasetGraphViewGraphs" time="0"/>
  <testcase name="graphDSG_prefixes_4" classname="org.apache.jena.sparql.core.TestDatasetGraphViewGraphs" time="0"/>
  <testcase name="countChanges_01" classname="org.apache.jena.sparql.core.TestDatasetMonitor" time="0.009"/>
  <testcase name="countChanges_02" classname="org.apache.jena.sparql.core.TestDatasetMonitor" time="0"/>
  <testcase name="countChanges_03" classname="org.apache.jena.sparql.core.TestDatasetMonitor" time="0"/>
  <testcase name="countChanges_04" classname="org.apache.jena.sparql.core.TestDatasetMonitor" time="0"/>
  <testcase name="captureChanges_01" classname="org.apache.jena.sparql.core.TestDatasetMonitor" time="0.012"/>
  <testcase name="captureChanges_02" classname="org.apache.jena.sparql.core.TestDatasetMonitor" time="0"/>
  <testcase name="dataset_01" classname="org.apache.jena.sparql.core.TestDatasetGraphWithLock" time="0.01"/>
  <testcase name="dataset_02" classname="org.apache.jena.sparql.core.TestDatasetGraphWithLock" time="0"/>
  <testcase name="dataset_03" classname="org.apache.jena.sparql.core.TestDatasetGraphWithLock" time="0"/>
  <testcase name="dataset_04" classname="org.apache.jena.sparql.core.TestDatasetGraphWithLock" time="0"/>
  <testcase name="dataset_05" classname="org.apache.jena.sparql.core.TestDatasetGraphWithLock" time="0"/>
  <testcase name="find_union_01" classname="org.apache.jena.sparql.core.TestDatasetGraphBaseFind_General" time="0"/>
  <testcase name="find_union_01" classname="org.apache.jena.sparql.core.TestDatasetGraphBaseFind_General" time="0"/>
  <testcase name="find_specific_01" classname="org.apache.jena.sparql.core.TestDatasetGraphBaseFind_General" time="0.001"/>
  <testcase name="find_specific_01" classname="org.apache.jena.sparql.core.TestDatasetGraphBaseFind_General" time="0"/>
  <testcase name="find_specific_02" classname="org.apache.jena.sparql.core.TestDatasetGraphBaseFind_General" time="0"/>
  <testcase name="find_specific_02" classname="org.apache.jena.sparql.core.TestDatasetGraphBaseFind_General" time="0"/>
  <testcase name="find_quad_01" classname="org.apache.jena.sparql.core.TestDatasetGraphBaseFind_General" time="0"/>
  <testcase name="find_quad_01" classname="org.apache.jena.sparql.core.TestDatasetGraphBaseFind_General" time="0"/>
  <testcase name="find_quad_02" classname="org.apache.jena.sparql.core.TestDatasetGraphBaseFind_General" time="0"/>
  <testcase name="find_quad_02" classname="org.apache.jena.sparql.core.TestDatasetGraphBaseFind_General" time="0"/>
  <testcase name="find_ng_01" classname="org.apache.jena.sparql.core.TestDatasetGraphBaseFind_General" time="0"/>
  <testcase name="find_ng_01" classname="org.apache.jena.sparql.core.TestDatasetGraphBaseFind_General" time="0"/>
  <testcase name="find_ng_02" classname="org.apache.jena.sparql.core.TestDatasetGraphBaseFind_General" time="0"/>
  <testcase name="find_ng_02" classname="org.apache.jena.sparql.core.TestDatasetGraphBaseFind_General" time="0"/>
  <testcase name="find_dft_01" classname="org.apache.jena.sparql.core.TestDatasetGraphBaseFind_General" time="0.001"/>
  <testcase name="find_dft_01" classname="org.apache.jena.sparql.core.TestDatasetGraphBaseFind_General" time="0"/>
  <testcase name="find_dft_02" classname="org.apache.jena.sparql.core.TestDatasetGraphBaseFind_General" time="0"/>
  <testcase name="find_dft_02" classname="org.apache.jena.sparql.core.TestDatasetGraphBaseFind_General" time="0"/>
  <testcase name="find_dft_03" classname="org.apache.jena.sparql.core.TestDatasetGraphBaseFind_General" time="0"/>
  <testcase name="find_dft_03" classname="org.apache.jena.sparql.core.TestDatasetGraphBaseFind_General" time="0"/>
  <testcase name="find_dsgFind_union_02" classname="org.apache.jena.sparql.core.TestDatasetGraphBaseFind_General" time="0"/>
  <testcase name="find_dsgFind_union_02" classname="org.apache.jena.sparql.core.TestDatasetGraphBaseFind_General" time="0"/>
  <testcase name="find_dsgFind_union_03" classname="org.apache.jena.sparql.core.TestDatasetGraphBaseFind_General" time="0"/>
  <testcase name="find_dsgFind_union_03" classname="org.apache.jena.sparql.core.TestDatasetGraphBaseFind_General" time="0.001"/>
  <testcase name="find_dsgFind_union_04" classname="org.apache.jena.sparql.core.TestDatasetGraphBaseFind_General" time="0"/>
  <testcase name="find_dsgFind_union_04" classname="org.apache.jena.sparql.core.TestDatasetGraphBaseFind_General" time="0"/>
  <testcase name="find_dsgFind_union_05" classname="org.apache.jena.sparql.core.TestDatasetGraphBaseFind_General" time="0"/>
  <testcase name="find_dsgFind_union_05" classname="org.apache.jena.sparql.core.TestDatasetGraphBaseFind_General" time="0"/>
  <testcase name="find_union_01" classname="org.apache.jena.sparql.core.TestDatasetGraphBaseFind_Mem" time="0"/>
  <testcase name="find_specific_01" classname="org.apache.jena.sparql.core.TestDatasetGraphBaseFind_Mem" time="0"/>
  <testcase name="find_specific_02" classname="org.apache.jena.sparql.core.TestDatasetGraphBaseFind_Mem" time="0"/>
  <testcase name="find_quad_01" classname="org.apache.jena.sparql.core.TestDatasetGraphBaseFind_Mem" time="0"/>
  <testcase name="find_quad_02" classname="org.apache.jena.sparql.core.TestDatasetGraphBaseFind_Mem" time="0.001"/>
  <testcase name="find_ng_01" classname="org.apache.jena.sparql.core.TestDatasetGraphBaseFind_Mem" time="0"/>
  <testcase name="find_ng_02" classname="org.apache.jena.sparql.core.TestDatasetGraphBaseFind_Mem" time="0"/>
  <testcase name="find_dft_01" classname="org.apache.jena.sparql.core.TestDatasetGraphBaseFind_Mem" time="0"/>
  <testcase name="find_dft_02" classname="org.apache.jena.sparql.core.TestDatasetGraphBaseFind_Mem" time="0"/>
  <testcase name="find_dft_03" classname="org.apache.jena.sparql.core.TestDatasetGraphBaseFind_Mem" time="0"/>
  <testcase name="find_dsgFind_union_02" classname="org.apache.jena.sparql.core.TestDatasetGraphBaseFind_Mem" time="0"/>
  <testcase name="find_dsgFind_union_03" classname="org.apache.jena.sparql.core.TestDatasetGraphBaseFind_Mem" time="0"/>
  <testcase name="find_dsgFind_union_04" classname="org.apache.jena.sparql.core.TestDatasetGraphBaseFind_Mem" time="0.001"/>
  <testcase name="find_dsgFind_union_05" classname="org.apache.jena.sparql.core.TestDatasetGraphBaseFind_Mem" time="0"/>
  <testcase name="find_quad_00" classname="org.apache.jena.sparql.core.TestDatasetGraphBaseFindPattern_General" time="0"/>
  <testcase name="find_pattern_g" classname="org.apache.jena.sparql.core.TestDatasetGraphBaseFindPattern_General" time="0"/>
  <testcase name="find_pattern_o" classname="org.apache.jena.sparql.core.TestDatasetGraphBaseFindPattern_General" time="0.001"/>
  <testcase name="find_pattern_p" classname="org.apache.jena.sparql.core.TestDatasetGraphBaseFindPattern_General" time="0"/>
  <testcase name="find_pattern_s" classname="org.apache.jena.sparql.core.TestDatasetGraphBaseFindPattern_General" time="0"/>
  <testcase name="find_pattern_gspo" classname="org.apache.jena.sparql.core.TestDatasetGraphBaseFindPattern_General" time="0"/>
  <testcase name="find_pattern_go" classname="org.apache.jena.sparql.core.TestDatasetGraphBaseFindPattern_General" time="0.001"/>
  <testcase name="find_pattern_gp" classname="org.apache.jena.sparql.core.TestDatasetGraphBaseFindPattern_General" time="0"/>
  <testcase name="find_pattern_gs" classname="org.apache.jena.sparql.core.TestDatasetGraphBaseFindPattern_General" time="0"/>
  <testcase name="find_pattern_po" classname="org.apache.jena.sparql.core.TestDatasetGraphBaseFindPattern_General" time="0"/>
  <testcase name="find_pattern_so" classname="org.apache.jena.sparql.core.TestDatasetGraphBaseFindPattern_General" time="0"/>
  <testcase name="find_pattern_sp" classname="org.apache.jena.sparql.core.TestDatasetGraphBaseFindPattern_General" time="0"/>
  <testcase name="find_pattern_gpo" classname="org.apache.jena.sparql.core.TestDatasetGraphBaseFindPattern_General" time="0"/>
  <testcase name="find_pattern_gso" classname="org.apache.jena.sparql.core.TestDatasetGraphBaseFindPattern_General" time="0"/>
  <testcase name="find_pattern_gsp" classname="org.apache.jena.sparql.core.TestDatasetGraphBaseFindPattern_General" time="0"/>
  <testcase name="find_pattern_spo" classname="org.apache.jena.sparql.core.TestDatasetGraphBaseFindPattern_General" time="0.001"/>
  <testcase name="find_quad_00" classname="org.apache.jena.sparql.core.TestDatasetGraphBaseFindPattern_Mem" time="0"/>
  <testcase name="find_pattern_g" classname="org.apache.jena.sparql.core.TestDatasetGraphBaseFindPattern_Mem" time="0"/>
  <testcase name="find_pattern_o" classname="org.apache.jena.sparql.core.TestDatasetGraphBaseFindPattern_Mem" time="0"/>
  <testcase name="find_pattern_p" classname="org.apache.jena.sparql.core.TestDatasetGraphBaseFindPattern_Mem" time="0"/>
  <testcase name="find_pattern_s" classname="org.apache.jena.sparql.core.TestDatasetGraphBaseFindPattern_Mem" time="0.001"/>
  <testcase name="find_pattern_gspo" classname="org.apache.jena.sparql.core.TestDatasetGraphBaseFindPattern_Mem" time="0"/>
  <testcase name="find_pattern_go" classname="org.apache.jena.sparql.core.TestDatasetGraphBaseFindPattern_Mem" time="0"/>
  <testcase name="find_pattern_gp" classname="org.apache.jena.sparql.core.TestDatasetGraphBaseFindPattern_Mem" time="0"/>
  <testcase name="find_pattern_gs" classname="org.apache.jena.sparql.core.TestDatasetGraphBaseFindPattern_Mem" time="0"/>
  <testcase name="find_pattern_po" classname="org.apache.jena.sparql.core.TestDatasetGraphBaseFindPattern_Mem" time="0"/>
  <testcase name="find_pattern_so" classname="org.apache.jena.sparql.core.TestDatasetGraphBaseFindPattern_Mem" time="0"/>
  <testcase name="find_pattern_sp" classname="org.apache.jena.sparql.core.TestDatasetGraphBaseFindPattern_Mem" time="0"/>
  <testcase name="find_pattern_gpo" classname="org.apache.jena.sparql.core.TestDatasetGraphBaseFindPattern_Mem" time="0"/>
  <testcase name="find_pattern_gso" classname="org.apache.jena.sparql.core.TestDatasetGraphBaseFindPattern_Mem" time="0"/>
  <testcase name="find_pattern_gsp" classname="org.apache.jena.sparql.core.TestDatasetGraphBaseFindPattern_Mem" time="0"/>
  <testcase name="find_pattern_spo" classname="org.apache.jena.sparql.core.TestDatasetGraphBaseFindPattern_Mem" time="0"/>
  <testcase name="direct_3q[0: General]" classname="org.apache.jena.sparql.core.TestSpecialGraphs" time="0.002"/>
  <testcase name="direct_3t[0: General]" classname="org.apache.jena.sparql.core.TestSpecialGraphs" time="0.001"/>
  <testcase name="graph_dftg_1q[0: General]" classname="org.apache.jena.sparql.core.TestSpecialGraphs" time="0"/>
  <testcase name="graph_dftg_1t[0: General]" classname="org.apache.jena.sparql.core.TestSpecialGraphs" time="0"/>
  <testcase name="graph_dftg_2q[0: General]" classname="org.apache.jena.sparql.core.TestSpecialGraphs" time="0.001"/>
  <testcase name="graph_dftg_2t[0: General]" classname="org.apache.jena.sparql.core.TestSpecialGraphs" time="0"/>
  <testcase name="union_dft_1q[0: General]" classname="org.apache.jena.sparql.core.TestSpecialGraphs" time="0.006"/>
  <testcase name="union_dft_1t[0: General]" classname="org.apache.jena.sparql.core.TestSpecialGraphs" time="0.001"/>
  <testcase name="direct_4[0: General]" classname="org.apache.jena.sparql.core.TestSpecialGraphs" time="0.001"/>
  <testcase name="direct_5[0: General]" classname="org.apache.jena.sparql.core.TestSpecialGraphs" time="0.001"/>
  <testcase name="graph_union_1q[0: General]" classname="org.apache.jena.sparql.core.TestSpecialGraphs" time="0"/>
  <testcase name="graph_union_1t[0: General]" classname="org.apache.jena.sparql.core.TestSpecialGraphs" time="0"/>
  <testcase name="graph_union_2q[0: General]" classname="org.apache.jena.sparql.core.TestSpecialGraphs" time="0.001"/>
  <testcase name="graph_union_2t[0: General]" classname="org.apache.jena.sparql.core.TestSpecialGraphs" time="0"/>
  <testcase name="graph_dft_1q[0: General]" classname="org.apache.jena.sparql.core.TestSpecialGraphs" time="0"/>
  <testcase name="graph_dft_1t[0: General]" classname="org.apache.jena.sparql.core.TestSpecialGraphs" time="0"/>
  <testcase name="graph_dft_2q[0: General]" classname="org.apache.jena.sparql.core.TestSpecialGraphs" time="0.001"/>
  <testcase name="graph_dft_2t[0: General]" classname="org.apache.jena.sparql.core.TestSpecialGraphs" time="0"/>
  <testcase name="graph_dft_3q[0: General]" classname="org.apache.jena.sparql.core.TestSpecialGraphs" time="0.001"/>
  <testcase name="graph_dft_3t[0: General]" classname="org.apache.jena.sparql.core.TestSpecialGraphs" time="0.001"/>
  <testcase name="direct_3q[1: Plain]" classname="org.apache.jena.sparql.core.TestSpecialGraphs" time="0"/>
  <testcase name="direct_3t[1: Plain]" classname="org.apache.jena.sparql.core.TestSpecialGraphs" time="0"/>
  <testcase name="graph_dftg_1q[1: Plain]" classname="org.apache.jena.sparql.core.TestSpecialGraphs" time="0.001"/>
  <testcase name="graph_dftg_1t[1: Plain]" classname="org.apache.jena.sparql.core.TestSpecialGraphs" time="0"/>
  <testcase name="graph_dftg_2q[1: Plain]" classname="org.apache.jena.sparql.core.TestSpecialGraphs" time="0"/>
  <testcase name="graph_dftg_2t[1: Plain]" classname="org.apache.jena.sparql.core.TestSpecialGraphs" time="0"/>
  <testcase name="union_dft_1q[1: Plain]" classname="org.apache.jena.sparql.core.TestSpecialGraphs" time="0"/>
  <testcase name="union_dft_1t[1: Plain]" classname="org.apache.jena.sparql.core.TestSpecialGraphs" time="0.001"/>
  <testcase name="direct_4[1: Plain]" classname="org.apache.jena.sparql.core.TestSpecialGraphs" time="0"/>
  <testcase name="direct_5[1: Plain]" classname="org.apache.jena.sparql.core.TestSpecialGraphs" time="0"/>
  <testcase name="graph_union_1q[1: Plain]" classname="org.apache.jena.sparql.core.TestSpecialGraphs" time="0.001"/>
  <testcase name="graph_union_1t[1: Plain]" classname="org.apache.jena.sparql.core.TestSpecialGraphs" time="0"/>
  <testcase name="graph_union_2q[1: Plain]" classname="org.apache.jena.sparql.core.TestSpecialGraphs" time="0.001"/>
  <testcase name="graph_union_2t[1: Plain]" classname="org.apache.jena.sparql.core.TestSpecialGraphs" time="0.001"/>
  <testcase name="graph_dft_1q[1: Plain]" classname="org.apache.jena.sparql.core.TestSpecialGraphs" time="0"/>
  <testcase name="graph_dft_1t[1: Plain]" classname="org.apache.jena.sparql.core.TestSpecialGraphs" time="0.001"/>
  <testcase name="graph_dft_2q[1: Plain]" classname="org.apache.jena.sparql.core.TestSpecialGraphs" time="0"/>
  <testcase name="graph_dft_2t[1: Plain]" classname="org.apache.jena.sparql.core.TestSpecialGraphs" time="0.001"/>
  <testcase name="graph_dft_3q[1: Plain]" classname="org.apache.jena.sparql.core.TestSpecialGraphs" time="0"/>
  <testcase name="graph_dft_3t[1: Plain]" classname="org.apache.jena.sparql.core.TestSpecialGraphs" time="0.001"/>
  <testcase name="direct_3q[2: TxnMem]" classname="org.apache.jena.sparql.core.TestSpecialGraphs" time="0"/>
  <testcase name="direct_3t[2: TxnMem]" classname="org.apache.jena.sparql.core.TestSpecialGraphs" time="0.001"/>
  <testcase name="graph_dftg_1q[2: TxnMem]" classname="org.apache.jena.sparql.core.TestSpecialGraphs" time="0.001"/>
  <testcase name="graph_dftg_1t[2: TxnMem]" classname="org.apache.jena.sparql.core.TestSpecialGraphs" time="0.001"/>
  <testcase name="graph_dftg_2q[2: TxnMem]" classname="org.apache.jena.sparql.core.TestSpecialGraphs" time="0"/>
  <testcase name="graph_dftg_2t[2: TxnMem]" classname="org.apache.jena.sparql.core.TestSpecialGraphs" time="0.001"/>
  <testcase name="union_dft_1q[2: TxnMem]" classname="org.apache.jena.sparql.core.TestSpecialGraphs" time="0.002"/>
  <testcase name="union_dft_1t[2: TxnMem]" classname="org.apache.jena.sparql.core.TestSpecialGraphs" time="0.002"/>
  <testcase name="direct_4[2: TxnMem]" classname="org.apache.jena.sparql.core.TestSpecialGraphs" time="0.001"/>
  <testcase name="direct_5[2: TxnMem]" classname="org.apache.jena.sparql.core.TestSpecialGraphs" time="0.001"/>
  <testcase name="graph_union_1q[2: TxnMem]" classname="org.apache.jena.sparql.core.TestSpecialGraphs" time="0"/>
  <testcase name="graph_union_1t[2: TxnMem]" classname="org.apache.jena.sparql.core.TestSpecialGraphs" time="0.001"/>
  <testcase name="graph_union_2q[2: TxnMem]" classname="org.apache.jena.sparql.core.TestSpecialGraphs" time="0.001"/>
  <testcase name="graph_union_2t[2: TxnMem]" classname="org.apache.jena.sparql.core.TestSpecialGraphs" time="0.001"/>
  <testcase name="graph_dft_1q[2: TxnMem]" classname="org.apache.jena.sparql.core.TestSpecialGraphs" time="0.001"/>
  <testcase name="graph_dft_1t[2: TxnMem]" classname="org.apache.jena.sparql.core.TestSpecialGraphs" time="0.001"/>
  <testcase name="graph_dft_2q[2: TxnMem]" classname="org.apache.jena.sparql.core.TestSpecialGraphs" time="0.001"/>
  <testcase name="graph_dft_2t[2: TxnMem]" classname="org.apache.jena.sparql.core.TestSpecialGraphs" time="0"/>
  <testcase name="graph_dft_3q[2: TxnMem]" classname="org.apache.jena.sparql.core.TestSpecialGraphs" time="0.001"/>
  <testcase name="graph_dft_3t[2: TxnMem]" classname="org.apache.jena.sparql.core.TestSpecialGraphs" time="0.001"/>
</testsuite>