<?xml version="1.0" encoding="UTF-8"?>
<testsuite xmlns:xsi="http://www.w3.org/2001/XMLSchema-instance" xsi:schemaLocation="https://maven.apache.org/surefire/maven-surefire-plugin/xsd/surefire-test-report.xsd" name="org.apache.jena.sparql.resultset.TS_ResultSet" time="0.149" tests="136" errors="0" skipped="0" failures="0">
  <properties>
[...]
</properties>
  <testcase name="test_RS_union_1" classname="org.apache.jena.sparql.resultset.TestResultSet" time="0.016"/>
  <testcase name="test_RS_union_2" classname="org.apache.jena.sparql.resultset.TestResultSet" time="0"/>
  <testcase name="test_RS_peeking_1" classname="org.apache.jena.sparql.resultset.TestResultSet" time="0"/>
  <testcase name="test_RS_peeking_2" classname="org.apache.jena.sparql.resultset.TestResultSet" time="0"/>
  <testcase name="test_RS_peeking_3" classname="org.apache.jena.sparql.resultset.TestResultSet" time="0"/>
  <testcase name="test_RS_peeking_4" classname="org.apache.jena.sparql.resultset.TestResultSet" time="0.001"/>
  <testcase name="test_RS_peeking_5" classname="org.apache.jena.sparql.resultset.TestResultSet" time="0"/>
  <testcase name="test_RS_peeking_6" classname="org.apache.jena.sparql.resultset.TestResultSet" time="0"/>
  <testcase name="test_RS_peeking_7" classname="org.apache.jena.sparql.resultset.TestResultSet" time="0"/>
  <testcase name="test_RS_peeking_8" classname="org.apache.jena.sparql.resultset.TestResultSet" time="0"/>
  <testcase name="test_RS_peeking_9" classname="org.apache.jena.sparql.resultset.TestResultSet" time="0"/>
  <testcase name="test_RS_1" classname="org.apache.jena.sparql.resultset.TestResultSet" time="0.001"/>
  <testcase name="test_RS_2" classname="org.apache.jena.sparql.resultset.TestResultSet" time="0.001"/>
  <testcase name="test_RS_3" classname="org.apache.jena.sparql.resultset.TestResultSet" time="0.015"/>
  <testcase name="test_RS_4" classname="org.apache.jena.sparql.resultset.TestResultSet" time="0.001"/>
  <testcase name="test_RS_5" classname="org.apache.jena.sparql.resultset.TestResultSet" time="0"/>
  <testcase name="test_RS_6" classname="org.apache.jena.sparql.resultset.TestResultSet" time="0.001"/>
  <testcase name="test_RS_7" classname="org.apache.jena.sparql.resultset.TestResultSet" time="0.022"/>
  <testcase name="test_RS_8" classname="org.apache.jena.sparql.resultset.TestResultSet" time="0.005"/>
  <testcase name="test_RS_9" classname="org.apache.jena.sparql.resultset.TestResultSet" time="0.013"/>
  <testcase name="test_RS_1_str" classname="org.apache.jena.sparql.resultset.TestResultSet" time="0.003"/>
  <testcase name="test_RS_2_str" classname="org.apache.jena.sparql.resultset.TestResultSet" time="0"/>
  <testcase name="test_RS_cmp_1" classname="org.apache.jena.sparql.resultset.TestResultSet" time="0"/>
  <testcase name="test_RS_cmp_2" classname="org.apache.jena.sparql.resultset.TestResultSet" time="0"/>
  <testcase name="test_RS_cmp_3" classname="org.apache.jena.sparql.resultset.TestResultSet" time="0"/>
  <testcase name="test_RS_cmp_4" classname="org.apache.jena.sparql.resultset.TestResultSet" time="0"/>
  <testcase name="test_RS_cmp_5" classname="org.apache.jena.sparql.resultset.TestResultSet" time="0"/>
  <testcase name="test_RS_cmp_6" classname="org.apache.jena.sparql.resultset.TestResultSet" time="0"/>
  <testcase name="test_RS_iso_1" classname="org.apache.jena.sparql.resultset.TestResultSet" time="0.003"/>
  <testcase name="test_RS_cmp_value_1" classname="org.apache.jena.sparql.resultset.TestResultSet" time="0.001"/>
  <testcase name="test_RS_10" classname="org.apache.jena.sparql.resultset.TestResultSet" time="0.002"/>
  <testcase name="resultset_01[0]" classname="org.apache.jena.sparql.resultset.TestResultSetFormat1" time="0.002"/>
  <testcase name="resultset_02[0]" classname="org.apache.jena.sparql.resultset.TestResultSetFormat1" time="0.001"/>
  <testcase name="resultset_03[0]" classname="org.apache.jena.sparql.resultset.TestResultSetFormat1" time="0"/>
  <testcase name="resultset_04[0]" classname="org.apache.jena.sparql.resultset.TestResultSetFormat1" time="0"/>
  <testcase name="resultset_05[0]" classname="org.apache.jena.sparql.resultset.TestResultSetFormat1" time="0"/>
  <testcase name="resultset_01[1]" classname="org.apache.jena.sparql.resultset.TestResultSetFormat1" time="0"/>
  <testcase name="resultset_02[1]" classname="org.apache.jena.sparql.resultset.TestResultSetFormat1" time="0.001"/>
  <testcase name="resultset_03[1]" classname="org.apache.jena.sparql.resultset.TestResultSetFormat1" time="0.001"/>
  <testcase name="resultset_04[1]" classname="org.apache.jena.sparql.resultset.TestResultSetFormat1" time="0"/>
  <testcase name="resultset_05[1]" classname="org.apache.jena.sparql.resultset.TestResultSetFormat1" time="0"/>
  <testcase name="resultset_01[2]" classname="org.apache.jena.sparql.resultset.TestResultSetFormat1" time="0.001"/>
  <testcase name="resultset_02[2]" classname="org.apache.jena.sparql.resultset.TestResultSetFormat1" time="0.001"/>
  <testcase name="resultset_03[2]" classname="org.apache.jena.sparql.resultset.TestResultSetFormat1" time="0"/>
  <testcase name="resultset_04[2]" classname="org.apache.jena.sparql.resultset.TestResultSetFormat1" time="0.002"/>
  <testcase name="resultset_05[2]" classname="org.apache.jena.sparql.resultset.TestResultSetFormat1" time="0"/>
  <testcase name="resultset_01[3]" classname="org.apache.jena.sparql.resultset.TestResultSetFormat1" time="0.004"/>
  <testcase name="resultset_02[3]" classname="org.apache.jena.sparql.resultset.TestResultSetFormat1" time="0"/>
  <testcase name="resultset_03[3]" classname="org.apache.jena.sparql.resultset.TestResultSetFormat1" time="0"/>
  <testcase name="resultset_04[3]" classname="org.apache.jena.sparql.resultset.TestResultSetFormat1" time="0.002"/>
  <testcase name="resultset_05[3]" classname="org.apache.jena.sparql.resultset.TestResultSetFormat1" time="0"/>
  <testcase name="resultset_01[4]" classname="org.apache.jena.sparql.resultset.TestResultSetFormat1" time="0"/>
  <testcase name="resultset_02[4]" classname="org.apache.jena.sparql.resultset.TestResultSetFormat1" time="0.001"/>
  <testcase name="resultset_03[4]" classname="org.apache.jena.sparql.resultset.TestResultSetFormat1" time="0.002"/>
  <testcase name="resultset_04[4]" classname="org.apache.jena.sparql.resultset.TestResultSetFormat1" time="0.001"/>
  <testcase name="resultset_05[4]" classname="org.apache.jena.sparql.resultset.TestResultSetFormat1" time="0"/>
  <testcase name="resultset_01[5]" classname="org.apache.jena.sparql.resultset.TestResultSetFormat1" time="0"/>
  <testcase name="resultset_02[5]" classname="org.apache.jena.sparql.resultset.TestResultSetFormat1" time="0.003"/>
  <testcase name="resultset_03[5]" classname="org.apache.jena.sparql.resultset.TestResultSetFormat1" time="0"/>
  <testcase name="resultset_04[5]" classname="org.apache.jena.sparql.resultset.TestResultSetFormat1" time="0.001"/>
  <testcase name="resultset_05[5]" classname="org.apache.jena.sparql.resultset.TestResultSetFormat1" time="0"/>
  <testcase name="resultset_01[6]" classname="org.apache.jena.sparql.resultset.TestResultSetFormat1" time="0.002"/>
  <testcase name="resultset_02[6]" classname="org.apache.jena.sparql.resultset.TestResultSetFormat1" time="0.001"/>
  <testcase name="resultset_03[6]" classname="org.apache.jena.sparql.resultset.TestResultSetFormat1" time="0.003"/>
  <testcase name="resultset_04[6]" classname="org.apache.jena.sparql.resultset.TestResultSetFormat1" time="0"/>
  <testcase name="resultset_05[6]" classname="org.apache.jena.sparql.resultset.TestResultSetFormat1" time="0"/>
  <testcase name="resultset_01[7]" classname="org.apache.jena.sparql.resultset.TestResultSetFormat1" time="0.001"/>
  <testcase name="resultset_02[7]" classname="org.apache.jena.sparql.resultset.TestResultSetFormat1" time="0"/>
  <testcase name="resultset_03[7]" classname="org.apache.jena.sparql.resultset.TestResultSetFormat1" time="0.001"/>
  <testcase name="resultset_04[7]" classname="org.apache.jena.sparql.resultset.TestResultSetFormat1" time="0"/>
  <testcase name="resultset_05[7]" classname="org.apache.jena.sparql.resultset.TestResultSetFormat1" time="0"/>
  <testcase name="resultset_01[8]" classname="org.apache.jena.sparql.resultset.TestResultSetFormat1" time="0.002"/>
  <testcase name="resultset_02[8]" classname="org.apache.jena.sparql.resultset.TestResultSetFormat1" time="0"/>
  <testcase name="resultset_03[8]" classname="org.apache.jena.sparql.resultset.TestResultSetFormat1" time="0.003"/>
  <testcase name="resultset_04[8]" classname="org.apache.jena.sparql.resultset.TestResultSetFormat1" time="0"/>
  <testcase name="resultset_05[8]" classname="org.apache.jena.sparql.resultset.TestResultSetFormat1" time="0.002"/>
  <testcase name="resultset_01[9]" classname="org.apache.jena.sparql.resultset.TestResultSetFormat1" time="0"/>
  <testcase name="resultset_02[9]" classname="org.apache.jena.sparql.resultset.TestResultSetFormat1" time="0"/>
  <testcase name="resultset_03[9]" classname="org.apache.jena.sparql.resultset.TestResultSetFormat1" time="0"/>
  <testcase name="resultset_04[9]" classname="org.apache.jena.sparql.resultset.TestResultSetFormat1" time="0.001"/>
  <testcase name="resultset_05[9]" classname="org.apache.jena.sparql.resultset.TestResultSetFormat1" time="0"/>
  <testcase name="resultset_01[10]" classname="org.apache.jena.sparql.resultset.TestResultSetFormat1" time="0"/>
  <testcase name="resultset_02[10]" classname="org.apache.jena.sparql.resultset.TestResultSetFormat1" time="0.001"/>
  <testcase name="resultset_03[10]" classname="org.apache.jena.sparql.resultset.TestResultSetFormat1" time="0.003"/>
  <testcase name="resultset_04[10]" classname="org.apache.jena.sparql.resultset.TestResultSetFormat1" time="0"/>
  <testcase name="resultset_05[10]" classname="org.apache.jena.sparql.resultset.TestResultSetFormat1" time="0"/>
  <testcase name="resultset_01[11]" classname="org.apache.jena.sparql.resultset.TestResultSetFormat1" time="0"/>
  <testcase name="resultset_02[11]" classname="org.apache.jena.sparql.resultset.TestResultSetFormat1" time="0.006"/>
  <testcase name="resultset_03[11]" classname="org.apache.jena.sparql.resultset.TestResultSetFormat1" time="0"/>
  <testcase name="resultset_04[11]" classname="org.apache.jena.sparql.resultset.TestResultSetFormat1" time="0"/>
  <testcase name="resultset_05[11]" classname="org.apache.jena.sparql.resultset.TestResultSetFormat1" time="0"/>
  <testcase name="resultset_csv_01" classname="org.apache.jena.sparql.resultset.TestResultSetFormat2" time="0"/>
  <testcase name="resultset_csv_02" classname="org.apache.jena.sparql.resultset.TestResultSetFormat2" time="0"/>
  <testcase name="resultset_tsv_01" classname="org.apache.jena.sparql.resultset.TestResultSetFormat2" time="0"/>
  <testcase name="resultset_tsv_02" classname="org.apache.jena.sparql.resultset.TestResultSetFormat2" time="0"/>
  <testcase name="resultset_tsv_03" classname="org.apache.jena.sparql.resultset.TestResultSetFormat2" time="0"/>
  <testcase name="resultset_tsv_04" classname="org.apache.jena.sparql.resultset.TestResultSetFormat2" time="0"/>
  <testcase name="resultset_tsv_05" classname="org.apache.jena.sparql.resultset.TestResultSetFormat2" time="0"/>
  <testcase name="resultset_tsv_06" classname="org.apache.jena.sparql.resultset.TestResultSetFormat2" time="0"/>
  <testcase name="resultset_tsv_07" classname="org.apache.jena.sparql.resultset.TestResultSetFormat2" time="0"/>
  <testcase name="resultset_tsv_08" classname="org.apache.jena.sparql.resultset.TestResultSetFormat2" time="0"/>
  <testcase name="resultset_tsv_09" classname="org.apache.jena.sparql.resultset.TestResultSetFormat2" time="0"/>
  <testcase name="resultset_tsv_11" classname="org.apache.jena.sparql.resultset.TestResultSetFormat2" time="0"/>
  <testcase name="resultset_tsv_12" classname="org.apache.jena.sparql.resultset.TestResultSetFormat2" time="0"/>
  <testcase name="resultset_tsv_13" classname="org.apache.jena.sparql.resultset.TestResultSetFormat2" time="0"/>
  <testcase name="resultset_tsv_14" classname="org.apache.jena.sparql.resultset.TestResultSetFormat2" time="0"/>
  <testcase name="resultset_bad_tsv_boolean_01" classname="org.apache.jena.sparql.resultset.TestResultSetFormat2" time="0"/>
  <testcase name="resultset_bad_tsv_boolean_02" classname="org.apache.jena.sparql.resultset.TestResultSetFormat2" time="0"/>
  <testcase name="resultset_bad_tsv_boolean_03" classname="org.apache.jena.sparql.resultset.TestResultSetFormat2" time="0"/>
  <testcase name="resultset_bad_tsv_boolean_04" classname="org.apache.jena.sparql.resultset.TestResultSetFormat2" time="0"/>
  <testcase name="resultset_bad_tsv_boolean_05" classname="org.apache.jena.sparql.resultset.TestResultSetFormat2" time="0"/>
  <testcase name="resultset_json_01" classname="org.apache.jena.sparql.resultset.TestResultSetFormat2" time="0"/>
  <testcase name="resultset_json_02" classname="org.apache.jena.sparql.resultset.TestResultSetFormat2" time="0"/>
  <testcase name="resultset_json_03" classname="org.apache.jena.sparql.resultset.TestResultSetFormat2" time="0"/>
  <testcase name="resultset_json_04" classname="org.apache.jena.sparql.resultset.TestResultSetFormat2" time="0"/>
  <testcase name="resultset_bad_tsv_01" classname="org.apache.jena.sparql.resultset.TestResultSetFormat2" time="0"/>
  <testcase name="resultset_bad_tsv_02" classname="org.apache.jena.sparql.resultset.TestResultSetFormat2" time="0"/>
  <testcase name="resultset_bad_tsv_03" classname="org.apache.jena.sparql.resultset.TestResultSetFormat2" time="0"/>
  <testcase name="resultset_bad_tsv_04" classname="org.apache.jena.sparql.resultset.TestResultSetFormat2" time="0.001"/>
  <testcase name="resultset_bad_tsv_05" classname="org.apache.jena.sparql.resultset.TestResultSetFormat2" time="0"/>
  <testcase name="resultset_bad_tsv_06" classname="org.apache.jena.sparql.resultset.TestResultSetFormat2" time="0"/>
  <testcase name="resultset_bad_tsv_07" classname="org.apache.jena.sparql.resultset.TestResultSetFormat2" time="0"/>
  <testcase name="resultset_bad_tsv_08" classname="org.apache.jena.sparql.resultset.TestResultSetFormat2" time="0.001"/>
  <testcase name="resultset_bad_tsv_09" classname="org.apache.jena.sparql.resultset.TestResultSetFormat2" time="0"/>
  <testcase name="resultset_tsv_boolean_01" classname="org.apache.jena.sparql.resultset.TestResultSetFormat2" time="0"/>
  <testcase name="resultset_tsv_boolean_02" classname="org.apache.jena.sparql.resultset.TestResultSetFormat2" time="0"/>
  <testcase name="resultset_tsv_boolean_03" classname="org.apache.jena.sparql.resultset.TestResultSetFormat2" time="0"/>
  <testcase name="resultset_tsv_boolean_04" classname="org.apache.jena.sparql.resultset.TestResultSetFormat2" time="0"/>
  <testcase name="resultset_tsv_boolean_05" classname="org.apache.jena.sparql.resultset.TestResultSetFormat2" time="0"/>
  <testcase name="resultset_tsv_boolean_06" classname="org.apache.jena.sparql.resultset.TestResultSetFormat2" time="0"/>
  <testcase name="resultset_tsv_boolean_07" classname="org.apache.jena.sparql.resultset.TestResultSetFormat2" time="0"/>
  <testcase name="resultset_tsv_boolean_08" classname="org.apache.jena.sparql.resultset.TestResultSetFormat2" time="0"/>
  <testcase name="resultset_tsv_boolean_09" classname="org.apache.jena.sparql.resultset.TestResultSetFormat2" time="0.001"/>
  <testcase name="resultset_tsv_boolean_10" classname="org.apache.jena.sparql.resultset.TestResultSetFormat2" time="0"/>
  <testcase name="resultset_tsv_boolean_11" classname="org.apache.jena.sparql.resultset.TestResultSetFormat2" time="0"/>
  <testcase name="resultset_tsv_boolean_12" classname="org.apache.jena.sparql.resultset.TestResultSetFormat2" time="0"/>
</testsuite>