<?xml version="1.0" encoding="UTF-8"?>
<testsuite xmlns:xsi="http://www.w3.org/2001/XMLSchema-instance" xsi:schemaLocation="https://maven.apache.org/surefire/maven-surefire-plugin/xsd/surefire-test-report.xsd" name="org.apache.jena.sparql.graph.TS_Graph" time="0.179" tests="81" errors="0" skipped="0" failures="0">
  <properties>
[...]
</properties>
  <testcase name="from_and_graph_uri_exists[0: General]" classname="org.apache.jena.sparql.graph.TestDatasets" time="0.044"/>
  <testcase name="graph_uri_exists[0: General]" classname="org.apache.jena.sparql.graph.TestDatasets" time="0.001"/>
  <testcase name="graph_var[0: General]" classname="org.apache.jena.sparql.graph.TestDatasets" time="0.001"/>
  <testcase name="named_graph_uri_exists[0: General]" classname="org.apache.jena.sparql.graph.TestDatasets" time="0.001"/>
  <testcase name="named_graph_uri_missing[0: General]" classname="org.apache.jena.sparql.graph.TestDatasets" time="0.001"/>
  <testcase name="from_and_graph_uri_missing[0: General]" classname="org.apache.jena.sparql.graph.TestDatasets" time="0"/>
  <testcase name="from_and_named_and_graph_uri_missing[0: General]" classname="org.apache.jena.sparql.graph.TestDatasets" time="0.001"/>
  <testcase name="graph_uri_missing[0: General]" classname="org.apache.jena.sparql.graph.TestDatasets" time="0.001"/>
  <testcase name="from[0: General]" classname="org.apache.jena.sparql.graph.TestDatasets" time="0.002"/>
  <testcase name="named_graphs_var[0: General]" classname="org.apache.jena.sparql.graph.TestDatasets" time="0.001"/>
  <testcase name="from_and_named_and_graph_uri_exists[0: General]" classname="org.apache.jena.sparql.graph.TestDatasets" time="0.001"/>
  <testcase name="no_dataset[0: General]" classname="org.apache.jena.sparql.graph.TestDatasets" time="0.001"/>
  <testcase name="from_and_named_and_graph_var[0: General]" classname="org.apache.jena.sparql.graph.TestDatasets" time="0.001"/>
  <testcase name="from_and_named_and_graphs_var[0: General]" classname="org.apache.jena.sparql.graph.TestDatasets" time="0.001"/>
  <testcase name="named_graph_var[0: General]" classname="org.apache.jena.sparql.graph.TestDatasets" time="0.001"/>
  <testcase name="from_and_graph_var[0: General]" classname="org.apache.jena.sparql.graph.TestDatasets" time="0.001"/>
  <testcase name="from_and_named_and_graph_uri_exists_not_in_list[0: General]" classname="org.apache.jena.sparql.graph.TestDatasets" time="0.001"/>
  <testcase name="from_and_graph_uri_exists[1: TxnMem]" classname="org.apache.jena.sparql.graph.TestDatasets" time="0.001"/>
  <testcase name="graph_uri_exists[1: TxnMem]" classname="org.apache.jena.sparql.graph.TestDatasets" time="0.001"/>
  <testcase name="graph_var[1: TxnMem]" classname="org.apache.jena.sparql.graph.TestDatasets" time="0.002"/>
  <testcase name="named_graph_uri_exists[1: TxnMem]" classname="org.apache.jena.sparql.graph.TestDatasets" time="0.001"/>
  <testcase name="named_graph_uri_missing[1: TxnMem]" classname="org.apache.jena.sparql.graph.TestDatasets" time="0.001"/>
  <testcase name="from_and_graph_uri_missing[1: TxnMem]" classname="org.apache.jena.sparql.graph.TestDatasets" time="0.001"/>
  <testcase name="from_and_named_and_graph_uri_missing[1: TxnMem]" classname="org.apache.jena.sparql.graph.TestDatasets" time="0.001"/>
  <testcase name="graph_uri_missing[1: TxnMem]" classname="org.apache.jena.sparql.graph.TestDatasets" time="0.001"/>
  <testcase name="from[1: TxnMem]" classname="org.apache.jena.sparql.graph.TestDatasets" time="0.001"/>
  <testcase name="named_graphs_var[1: TxnMem]" classname="org.apache.jena.sparql.graph.TestDatasets" time="0.001"/>
  <testcase name="from_and_named_and_graph_uri_exists[1: TxnMem]" classname="org.apache.jena.sparql.graph.TestDatasets" time="0.001"/>
  <testcase name="no_dataset[1: TxnMem]" classname="org.apache.jena.sparql.graph.TestDatasets" time="0.001"/>
  <testcase name="from_and_named_and_graph_var[1: TxnMem]" classname="org.apache.jena.sparql.graph.TestDatasets" time="0.001"/>
  <testcase name="from_and_named_and_graphs_var[1: TxnMem]" classname="org.apache.jena.sparql.graph.TestDatasets" time="0.001"/>
  <testcase name="named_graph_var[1: TxnMem]" classname="org.apache.jena.sparql.graph.TestDatasets" time="0.001"/>
  <testcase name="from_and_graph_var[1: TxnMem]" classname="org.apache.jena.sparql.graph.TestDatasets" time="0.001"/>
  <testcase name="from_and_named_and_graph_uri_exists_not_in_list[1: TxnMem]" classname="org.apache.jena.sparql.graph.TestDatasets" time="0.001"/>
  <testcase name="graph_api4" classname="org.apache.jena.sparql.graph.TestGraphsMem" time="0"/>
  <testcase name="graph_api5" classname="org.apache.jena.sparql.graph.TestGraphsMem" time="0"/>
  <testcase name="graph_api6" classname="org.apache.jena.sparql.graph.TestGraphsMem" time="0"/>
  <testcase name="graph4" classname="org.apache.jena.sparql.graph.TestGraphsMem" time="0"/>
  <testcase name="graph5" classname="org.apache.jena.sparql.graph.TestGraphsMem" time="0"/>
  <testcase name="graph6" classname="org.apache.jena.sparql.graph.TestGraphsMem" time="0"/>
  <testcase name="graph_count4" classname="org.apache.jena.sparql.graph.TestGraphsMem" time="0"/>
  <testcase name="graph_count5" classname="org.apache.jena.sparql.graph.TestGraphsMem" time="0"/>
  <testcase name="graph_count6" classname="org.apache.jena.sparql.graph.TestGraphsMem" time="0"/>
  <testcase name="graph_api1" classname="org.apache.jena.sparql.graph.TestGraphsMem" time="0.001"/>
  <testcase name="graph_api2" classname="org.apache.jena.sparql.graph.TestGraphsMem" time="0"/>
  <testcase name="graph_api3" classname="org.apache.jena.sparql.graph.TestGraphsMem" time="0"/>
  <testcase name="graph1" classname="org.apache.jena.sparql.graph.TestGraphsMem" time="0.001"/>
  <testcase name="graph2" classname="org.apache.jena.sparql.graph.TestGraphsMem" time="0.001"/>
  <testcase name="graph3" classname="org.apache.jena.sparql.graph.TestGraphsMem" time="0"/>
  <testcase name="graph_count1" classname="org.apache.jena.sparql.graph.TestGraphsMem" time="0"/>
  <testcase name="graph_count2" classname="org.apache.jena.sparql.graph.TestGraphsMem" time="0"/>
  <testcase name="graph_count3" classname="org.apache.jena.sparql.graph.TestGraphsMem" time="0.001"/>
  <testcase name="graph_count7" classname="org.apache.jena.sparql.graph.TestGraphsMem" time="0"/>
  <testcase name="deleteAny_01" classname="org.apache.jena.sparql.graph.TestDatasetGraphMem" time="0"/>
  <testcase name="deleteAny_02" classname="org.apache.jena.sparql.graph.TestDatasetGraphMem" time="0"/>
  <testcase name="find_01" classname="org.apache.jena.sparql.graph.TestDatasetGraphMem" time="0"/>
  <testcase name="graph_00" classname="org.apache.jena.sparql.graph.TestDatasetGraphMem" time="0"/>
  <testcase name="graph_01" classname="org.apache.jena.sparql.graph.TestDatasetGraphMem" time="0.001"/>
  <testcase name="graph_02" classname="org.apache.jena.sparql.graph.TestDatasetGraphMem" time="0"/>
  <testcase name="graph_03" classname="org.apache.jena.sparql.graph.TestDatasetGraphMem" time="0"/>
  <testcase name="quad_01" classname="org.apache.jena.sparql.graph.TestDatasetGraphMem" time="0"/>
  <testcase name="quad_02" classname="org.apache.jena.sparql.graph.TestDatasetGraphMem" time="0"/>
  <testcase name="quad_03" classname="org.apache.jena.sparql.graph.TestDatasetGraphMem" time="0"/>
  <testcase name="quad_04" classname="org.apache.jena.sparql.graph.TestDatasetGraphMem" time="0"/>
  <testcase name="quad_05" classname="org.apache.jena.sparql.graph.TestDatasetGraphMem" time="0.001"/>
  <testcase name="clear_01" classname="org.apache.jena.sparql.graph.TestDatasetGraphMem" time="0"/>
  <testcase name="create_1" classname="org.apache.jena.sparql.graph.TestDatasetGraphMem" time="0"/>
  <testcase name="empty_0" classname="org.apache.jena.sparql.graph.TestGraphsDataBag" time="0.068"/>
  <testcase name="removeAll_1" classname="org.apache.jena.sparql.graph.TestGraphsDataBag" time="0"/>
  <testcase name="complexQuery_1" classname="org.apache.jena.sparql.graph.TestGraphsDataBag" time="0.001"/>
  <testcase name="complexQuery_2" classname="org.apache.jena.sparql.graph.TestGraphsDataBag" time="0.005"/>
  <testcase name="add_1" classname="org.apache.jena.sparql.graph.TestGraphsDataBag" time="0"/>
  <testcase name="add_2" classname="org.apache.jena.sparql.graph.TestGraphsDataBag" time="0"/>
  <testcase name="add_3" classname="org.apache.jena.sparql.graph.TestGraphsDataBag" time="0"/>
  <testcase name="delete_1" classname="org.apache.jena.sparql.graph.TestGraphsDataBag" time="0"/>
  <testcase name="gr_union_01" classname="org.apache.jena.sparql.graph.TestGraphUnionRead" time="0"/>
  <testcase name="gr_union_02" classname="org.apache.jena.sparql.graph.TestGraphUnionRead" time="0"/>
  <testcase name="gr_union_03" classname="org.apache.jena.sparql.graph.TestGraphUnionRead" time="0"/>
  <testcase name="gr_union_04" classname="org.apache.jena.sparql.graph.TestGraphUnionRead" time="0"/>
  <testcase name="gr_union_05" classname="org.apache.jena.sparql.graph.TestGraphUnionRead" time="0"/>
  <testcase name="gr_union_06" classname="org.apache.jena.sparql.graph.TestGraphUnionRead" time="0.001"/>
</testsuite>