<?xml version="1.0" encoding="UTF-8"?>
<testsuite xmlns:xsi="http://www.w3.org/2001/XMLSchema-instance" xsi:schemaLocation="https://maven.apache.org/surefire/maven-surefire-plugin/xsd/surefire-test-report.xsd" name="org.apache.jena.riot.TS_RiotGeneral" time="0.195" tests="144" errors="0" skipped="0" failures="0">
  <properties>
[...]
</properties>
  <testcase name="chooseBaseIRI_1" classname="org.apache.jena.riot.TestSysRIOT" time="0"/>
  <testcase name="chooseBaseIRI_2" classname="org.apache.jena.riot.TestSysRIOT" time="0"/>
  <testcase name="chooseBaseIRI_10" classname="org.apache.jena.riot.TestSysRIOT" time="0"/>
  <testcase name="guess_01" classname="org.apache.jena.riot.TestLangRIOT" time="0"/>
  <testcase name="guess_02" classname="org.apache.jena.riot.TestLangRIOT" time="0"/>
  <testcase name="guess_03" classname="org.apache.jena.riot.TestLangRIOT" time="0"/>
  <testcase name="guess_04" classname="org.apache.jena.riot.TestLangRIOT" time="0"/>
  <testcase name="guess_06" classname="org.apache.jena.riot.TestLangRIOT" time="0"/>
  <testcase name="guess_08" classname="org.apache.jena.riot.TestLangRIOT" time="0"/>
  <testcase name="guess_09" classname="org.apache.jena.riot.TestLangRIOT" time="0"/>
  <testcase name="guess_10" classname="org.apache.jena.riot.TestLangRIOT" time="0"/>
  <testcase name="lang_01" classname="org.apache.jena.riot.TestLangRIOT" time="0"/>
  <testcase name="lang_02" classname="org.apache.jena.riot.TestLangRIOT" time="0"/>
  <testcase name="lang_03" classname="org.apache.jena.riot.TestLangRIOT" time="0"/>
  <testcase name="lang_04" classname="org.apache.jena.riot.TestLangRIOT" time="0"/>
  <testcase name="lang_05" classname="org.apache.jena.riot.TestLangRIOT" time="0"/>
  <testcase name="lang_11" classname="org.apache.jena.riot.TestLangRIOT" time="0"/>
  <testcase name="lang_12" classname="org.apache.jena.riot.TestLangRIOT" time="0"/>
  <testcase name="lang_21" classname="org.apache.jena.riot.TestLangRIOT" time="0"/>
  <testcase name="lang_22" classname="org.apache.jena.riot.TestLangRIOT" time="0"/>
  <testcase name="lang_23" classname="org.apache.jena.riot.TestLangRIOT" time="0"/>
  <testcase name="lang_30" classname="org.apache.jena.riot.TestLangRIOT" time="0"/>
  <testcase name="lang_31" classname="org.apache.jena.riot.TestLangRIOT" time="0"/>
  <testcase name="lang_40" classname="org.apache.jena.riot.TestLangRIOT" time="0"/>
  <testcase name="lang_41" classname="org.apache.jena.riot.TestLangRIOT" time="0"/>
  <testcase name="lang_50" classname="org.apache.jena.riot.TestLangRIOT" time="0"/>
  <testcase name="lang_51" classname="org.apache.jena.riot.TestLangRIOT" time="0"/>
  <testcase name="lang_52" classname="org.apache.jena.riot.TestLangRIOT" time="0"/>
  <testcase name="syntaxDetermination[Test-ext-ttl-1 -- http://sparql.org/D.ttl text/turtle Lang:Turtle Lang:Turtle]" classname="org.apache.jena.riot.TestSyntaxDetermination" time="0"/>
  <testcase name="syntaxDetermination[Test-ext-ttl-2 -- http://sparql.org/D.ttl text/turtle Lang:RDF/XML Lang:Turtle]" classname="org.apache.jena.riot.TestSyntaxDetermination" time="0"/>
  <testcase name="syntaxDetermination[Test-ext-ttl-3 -- http://sparql.org/D.ttl text/plain null Lang:Turtle]" classname="org.apache.jena.riot.TestSyntaxDetermination" time="0"/>
  <testcase name="syntaxDetermination[Test-ext-ttl-4 -- http://sparql.org/D.ttl text/plain Lang:RDF/XML Lang:RDF/XML]" classname="org.apache.jena.riot.TestSyntaxDetermination" time="0"/>
  <testcase name="syntaxDetermination[Test-ext-ttl-5 -- http://sparql.org/D.ttl null Lang:Turtle Lang:Turtle]" classname="org.apache.jena.riot.TestSyntaxDetermination" time="0"/>
  <testcase name="syntaxDetermination[Test-ext-ttl-6 -- http://sparql.org/D.ttl null null Lang:Turtle]" classname="org.apache.jena.riot.TestSyntaxDetermination" time="0"/>
  <testcase name="syntaxDetermination[Test-no-ext-1 -- http://sparql.org/D text/turtle Lang:Turtle Lang:Turtle]" classname="org.apache.jena.riot.TestSyntaxDetermination" time="0"/>
  <testcase name="syntaxDetermination[Test-no-ext-2 -- http://sparql.org/D text/turtle Lang:RDF/XML Lang:Turtle]" classname="org.apache.jena.riot.TestSyntaxDetermination" time="0"/>
  <testcase name="syntaxDetermination[Test-no-ext-3 -- http://sparql.org/D text/plain null null]" classname="org.apache.jena.riot.TestSyntaxDetermination" time="0"/>
  <testcase name="syntaxDetermination[Test-no-ext-4 -- http://sparql.org/D text/plain Lang:RDF/XML Lang:RDF/XML]" classname="org.apache.jena.riot.TestSyntaxDetermination" time="0"/>
  <testcase name="syntaxDetermination[Test-no-ext-5 -- http://sparql.org/D null Lang:N-Triples Lang:N-Triples]" classname="org.apache.jena.riot.TestSyntaxDetermination" time="0"/>
  <testcase name="syntaxDetermination[Test-no-ext-6 -- http://sparql.org/D null null null]" classname="org.apache.jena.riot.TestSyntaxDetermination" time="0"/>
  <testcase name="syntaxDetermination[Test-ext-rdf-1 -- http://sparql.org/D.rdf text/turtle Lang:Turtle Lang:Turtle]" classname="org.apache.jena.riot.TestSyntaxDetermination" time="0"/>
  <testcase name="syntaxDetermination[Test-ext-rdf-2 -- http://sparql.org/D.rdf text/turtle Lang:RDF/XML Lang:Turtle]" classname="org.apache.jena.riot.TestSyntaxDetermination" time="0"/>
  <testcase name="syntaxDetermination[Test-ext-rdf-3 -- http://sparql.org/D.rdf text/plain null Lang:RDF/XML]" classname="org.apache.jena.riot.TestSyntaxDetermination" time="0"/>
  <testcase name="syntaxDetermination[Test-ext-rdf-4 -- http://sparql.org/D.rdf text/plain Lang:RDF/XML Lang:RDF/XML]" classname="org.apache.jena.riot.TestSyntaxDetermination" time="0"/>
  <testcase name="syntaxDetermination[Test-ext-rdf-5 -- http://sparql.org/D.rdf null Lang:Turtle Lang:Turtle]" classname="org.apache.jena.riot.TestSyntaxDetermination" time="0"/>
  <testcase name="syntaxDetermination[Test-ext-rdf-6 -- http://sparql.org/D.rdf null null Lang:RDF/XML]" classname="org.apache.jena.riot.TestSyntaxDetermination" time="0"/>
  <testcase name="syntaxDetermination[Test-unknown-ext-1 -- http://sparql.org/D.xyz text/turtle Lang:Turtle Lang:Turtle]" classname="org.apache.jena.riot.TestSyntaxDetermination" time="0"/>
  <testcase name="syntaxDetermination[Test-unknown-ext-2 -- http://sparql.org/D.xyz text/turtle Lang:RDF/XML Lang:Turtle]" classname="org.apache.jena.riot.TestSyntaxDetermination" time="0"/>
  <testcase name="syntaxDetermination[Test-unknown-ext-3 -- http://sparql.org/D.xyz text/plain null null]" classname="org.apache.jena.riot.TestSyntaxDetermination" time="0"/>
  <testcase name="syntaxDetermination[Test-unknown-ext-4 -- http://sparql.org/D.xyz text/plain Lang:RDF/XML Lang:RDF/XML]" classname="org.apache.jena.riot.TestSyntaxDetermination" time="0"/>
  <testcase name="syntaxDetermination[Test-unknown-ext-5 -- http://sparql.org/D.xyz null Lang:N-Triples Lang:N-Triples]" classname="org.apache.jena.riot.TestSyntaxDetermination" time="0"/>
  <testcase name="syntaxDetermination[Test-unknown-ext-6 -- http://sparql.org/D.xyz null null null]" classname="org.apache.jena.riot.TestSyntaxDetermination" time="0"/>
  <testcase name="read_input_1" classname="org.apache.jena.riot.TestJenaReaderRIOT" time="0"/>
  <testcase name="read_input_2" classname="org.apache.jena.riot.TestJenaReaderRIOT" time="0"/>
  <testcase name="read_base_1" classname="org.apache.jena.riot.TestJenaReaderRIOT" time="0"/>
  <testcase name="read_21a" classname="org.apache.jena.riot.TestJenaReaderRIOT" time="0"/>
  <testcase name="read_21b" classname="org.apache.jena.riot.TestJenaReaderRIOT" time="0"/>
  <testcase name="read_21c" classname="org.apache.jena.riot.TestJenaReaderRIOT" time="0"/>
  <testcase name="read_21d" classname="org.apache.jena.riot.TestJenaReaderRIOT" time="0"/>
  <testcase name="read_22a" classname="org.apache.jena.riot.TestJenaReaderRIOT" time="0"/>
  <testcase name="read_22b" classname="org.apache.jena.riot.TestJenaReaderRIOT" time="0"/>
  <testcase name="read_23a" classname="org.apache.jena.riot.TestJenaReaderRIOT" time="0"/>
  <testcase name="read_23b" classname="org.apache.jena.riot.TestJenaReaderRIOT" time="0"/>
  <testcase name="read_url_1x" classname="org.apache.jena.riot.TestJenaReaderRIOT" time="0"/>
  <testcase name="read_url_2x" classname="org.apache.jena.riot.TestJenaReaderRIOT" time="0"/>
  <testcase name="read_url_3x" classname="org.apache.jena.riot.TestJenaReaderRIOT" time="0"/>
  <testcase name="read_url_4x" classname="org.apache.jena.riot.TestJenaReaderRIOT" time="0"/>
  <testcase name="read_url_1" classname="org.apache.jena.riot.TestJenaReaderRIOT" time="0"/>
  <testcase name="read_url_2" classname="org.apache.jena.riot.TestJenaReaderRIOT" time="0.001"/>
  <testcase name="read_url_3" classname="org.apache.jena.riot.TestJenaReaderRIOT" time="0"/>
  <testcase name="read_url_4" classname="org.apache.jena.riot.TestJenaReaderRIOT" time="0.001"/>
  <testcase name="read_01" classname="org.apache.jena.riot.TestJenaReaderRIOT" time="0.011"/>
  <testcase name="read_02" classname="org.apache.jena.riot.TestJenaReaderRIOT" time="0.001"/>
  <testcase name="read_03" classname="org.apache.jena.riot.TestJenaReaderRIOT" time="0.001"/>
  <testcase name="read_04" classname="org.apache.jena.riot.TestJenaReaderRIOT" time="0.001"/>
  <testcase name="read_05" classname="org.apache.jena.riot.TestJenaReaderRIOT" time="0"/>
  <testcase name="read_06" classname="org.apache.jena.riot.TestJenaReaderRIOT" time="0.001"/>
  <testcase name="read_11" classname="org.apache.jena.riot.TestJenaReaderRIOT" time="0.001"/>
  <testcase name="read_12" classname="org.apache.jena.riot.TestJenaReaderRIOT" time="0"/>
  <testcase name="read_13" classname="org.apache.jena.riot.TestJenaReaderRIOT" time="0.003"/>
  <testcase name="read_14" classname="org.apache.jena.riot.TestJenaReaderRIOT" time="0.002"/>
  <testcase name="read_15" classname="org.apache.jena.riot.TestJenaReaderRIOT" time="0.001"/>
  <testcase name="read_16" classname="org.apache.jena.riot.TestJenaReaderRIOT" time="0.001"/>
  <testcase name="read_24" classname="org.apache.jena.riot.TestJenaReaderRIOT" time="0.001"/>
  <testcase name="read_30" classname="org.apache.jena.riot.TestJenaReaderRIOT" time="0.002"/>
  <testcase name="read_StringReader_31" classname="org.apache.jena.riot.TestJenaReaderRIOT" time="0"/>
  <testcase name="read_StringReader_32" classname="org.apache.jena.riot.TestJenaReaderRIOT" time="0.002"/>
  <testcase name="read_input_1" classname="org.apache.jena.riot.TestReadData" time="0.001"/>
  <testcase name="read_input_2" classname="org.apache.jena.riot.TestReadData" time="0.001"/>
  <testcase name="load_01" classname="org.apache.jena.riot.TestReadData" time="0"/>
  <testcase name="load_02" classname="org.apache.jena.riot.TestReadData" time="0"/>
  <testcase name="load_03" classname="org.apache.jena.riot.TestReadData" time="0"/>
  <testcase name="load_04" classname="org.apache.jena.riot.TestReadData" time="0.001"/>
  <testcase name="load_05" classname="org.apache.jena.riot.TestReadData" time="0.001"/>
  <testcase name="load_06" classname="org.apache.jena.riot.TestReadData" time="0.001"/>
  <testcase name="load_11" classname="org.apache.jena.riot.TestReadData" time="0.001"/>
  <testcase name="load_12" classname="org.apache.jena.riot.TestReadData" time="0"/>
  <testcase name="load_13" classname="org.apache.jena.riot.TestReadData" time="0"/>
  <testcase name="load_14" classname="org.apache.jena.riot.TestReadData" time="0.001"/>
  <testcase name="load_15" classname="org.apache.jena.riot.TestReadData" time="0"/>
  <testcase name="load_16" classname="org.apache.jena.riot.TestReadData" time="0"/>
  <testcase name="load_17" classname="org.apache.jena.riot.TestReadData" time="0.001"/>
  <testcase name="load_18" classname="org.apache.jena.riot.TestReadData" time="0"/>
  <testcase name="read_01" classname="org.apache.jena.riot.TestReadData" time="0.001"/>
  <testcase name="read_02" classname="org.apache.jena.riot.TestReadData" time="0"/>
  <testcase name="read_03" classname="org.apache.jena.riot.TestReadData" time="0"/>
  <testcase name="read_04" classname="org.apache.jena.riot.TestReadData" time="0.001"/>
  <testcase name="read_11" classname="org.apache.jena.riot.TestReadData" time="0"/>
  <testcase name="read_12" classname="org.apache.jena.riot.TestReadData" time="0"/>
  <testcase name="read_13" classname="org.apache.jena.riot.TestReadData" time="0"/>
  <testcase name="read_14" classname="org.apache.jena.riot.TestReadData" time="0.001"/>
  <testcase name="read_15" classname="org.apache.jena.riot.TestReadData" time="0"/>
  <testcase name="read_21" classname="org.apache.jena.riot.TestReadData" time="0"/>
  <testcase name="read_22" classname="org.apache.jena.riot.TestReadData" time="0.001"/>
  <testcase name="read_23" classname="org.apache.jena.riot.TestReadData" time="0"/>
  <testcase name="read_24" classname="org.apache.jena.riot.TestReadData" time="0"/>
  <testcase name="testCreateIteratorTriples_01" classname="org.apache.jena.riot.TestRiotReader" time="0.001"/>
  <testcase name="testCreateIteratorTriples_02" classname="org.apache.jena.riot.TestRiotReader" time="0.002"/>
  <testcase name="testRawUTF8" classname="org.apache.jena.riot.TestRiotReader" time="0.001"/>
  <testcase name="testEncodedUTF8" classname="org.apache.jena.riot.TestRiotReader" time="0"/>
  <testcase name="labels_01" classname="org.apache.jena.riot.TestRDFParser" time="0.007"/>
  <testcase name="source_not_uri_01" classname="org.apache.jena.riot.TestRDFParser" time="0"/>
  <testcase name="source_not_uri_02" classname="org.apache.jena.riot.TestRDFParser" time="0.001"/>
  <testcase name="source_uri_hint_lang" classname="org.apache.jena.riot.TestRDFParser" time="0.039"/>
  <testcase name="source_shortcut_01" classname="org.apache.jena.riot.TestRDFParser" time="0"/>
  <testcase name="source_uri_force_lang" classname="org.apache.jena.riot.TestRDFParser" time="0.014"/>
  <testcase name="source_string" classname="org.apache.jena.riot.TestRDFParser" time="0"/>
  <testcase name="source_uri_01" classname="org.apache.jena.riot.TestRDFParser" time="0.001"/>
  <testcase name="source_uri_02" classname="org.apache.jena.riot.TestRDFParser" time="0.001"/>
  <testcase name="source_uri_03" classname="org.apache.jena.riot.TestRDFParser" time="0.001"/>
  <testcase name="source_uri_04" classname="org.apache.jena.riot.TestRDFParser" time="0.032"/>
  <testcase name="source_uri_05" classname="org.apache.jena.riot.TestRDFParser" time="0.001"/>
  <testcase name="errorHandler" classname="org.apache.jena.riot.TestRDFParser" time="0.001"/>
  <testcase name="source_notfound_1" classname="org.apache.jena.riot.TestRDFParser" time="0.015"/>
  <testcase name="source_notfound_2" classname="org.apache.jena.riot.TestRDFParser" time="0.001"/>
  <testcase name="factory_01" classname="org.apache.jena.riot.TestRDFParser" time="0.022"/>
  <testcase name="parser_registry_is_quads" classname="org.apache.jena.riot.TestParserRegistry" time="0"/>
  <testcase name="parser_registry_is_triples" classname="org.apache.jena.riot.TestParserRegistry" time="0"/>
  <testcase name="rdfwriter_1" classname="org.apache.jena.riot.TestRDFWriter" time="0"/>
  <testcase name="rdfwriter_2" classname="org.apache.jena.riot.TestRDFWriter" time="0"/>
  <testcase name="rdfwriter_3" classname="org.apache.jena.riot.TestRDFWriter" time="0"/>
  <testcase name="rdfwriter_4" classname="org.apache.jena.riot.TestRDFWriter" time="0.001"/>
  <testcase name="rdfwriter_5" classname="org.apache.jena.riot.TestRDFWriter" time="0.007"/>
  <testcase name="rdfwriter_6" classname="org.apache.jena.riot.TestRDFWriter" time="0"/>
</testsuite>