<?xml version="1.0" encoding="UTF-8"?>
<testsuite xmlns:xsi="http://www.w3.org/2001/XMLSchema-instance" xsi:schemaLocation="https://maven.apache.org/surefire/maven-surefire-plugin/xsd/surefire-test-report.xsd" name="org.apache.jena.sparql.path.TS_Path" time="0.213" tests="119" errors="0" skipped="0" failures="0">
  <properties>
[...]
</properties>
  <testcase name="parsePathShortest1" classname="org.apache.jena.sparql.path.TestPath" time="0.031"/>
  <testcase name="parsePathShortest2" classname="org.apache.jena.sparql.path.TestPath" time="0.001"/>
  <testcase name="parsePathShortest3" classname="org.apache.jena.sparql.path.TestPath" time="0"/>
  <testcase name="parsePathShortest4" classname="org.apache.jena.sparql.path.TestPath" time="0"/>
  <testcase name="parsePathShortest5" classname="org.apache.jena.sparql.path.TestPath" time="0"/>
  <testcase name="parsePathShortest6" classname="org.apache.jena.sparql.path.TestPath" time="0"/>
  <testcase name="path_01" classname="org.apache.jena.sparql.path.TestPath" time="0.057"/>
  <testcase name="path_02" classname="org.apache.jena.sparql.path.TestPath" time="0.008"/>
  <testcase name="path_03" classname="org.apache.jena.sparql.path.TestPath" time="0"/>
  <testcase name="path_04" classname="org.apache.jena.sparql.path.TestPath" time="0.001"/>
  <testcase name="path_05" classname="org.apache.jena.sparql.path.TestPath" time="0.005"/>
  <testcase name="path_06" classname="org.apache.jena.sparql.path.TestPath" time="0"/>
  <testcase name="path_07" classname="org.apache.jena.sparql.path.TestPath" time="0.001"/>
  <testcase name="path_08" classname="org.apache.jena.sparql.path.TestPath" time="0"/>
  <testcase name="path_09" classname="org.apache.jena.sparql.path.TestPath" time="0"/>
  <testcase name="path_10" classname="org.apache.jena.sparql.path.TestPath" time="0.001"/>
  <testcase name="path_11" classname="org.apache.jena.sparql.path.TestPath" time="0"/>
  <testcase name="path_12" classname="org.apache.jena.sparql.path.TestPath" time="0.001"/>
  <testcase name="path_13" classname="org.apache.jena.sparql.path.TestPath" time="0.001"/>
  <testcase name="path_14" classname="org.apache.jena.sparql.path.TestPath" time="0.001"/>
  <testcase name="path_15" classname="org.apache.jena.sparql.path.TestPath" time="0"/>
  <testcase name="path_16" classname="org.apache.jena.sparql.path.TestPath" time="0.001"/>
  <testcase name="path_17" classname="org.apache.jena.sparql.path.TestPath" time="0"/>
  <testcase name="path_18" classname="org.apache.jena.sparql.path.TestPath" time="0"/>
  <testcase name="path_20" classname="org.apache.jena.sparql.path.TestPath" time="0"/>
  <testcase name="path_21" classname="org.apache.jena.sparql.path.TestPath" time="0"/>
  <testcase name="path_22" classname="org.apache.jena.sparql.path.TestPath" time="0.013"/>
  <testcase name="path_23" classname="org.apache.jena.sparql.path.TestPath" time="0"/>
  <testcase name="path_24" classname="org.apache.jena.sparql.path.TestPath" time="0"/>
  <testcase name="path_25" classname="org.apache.jena.sparql.path.TestPath" time="0"/>
  <testcase name="path_30" classname="org.apache.jena.sparql.path.TestPath" time="0"/>
  <testcase name="path_31" classname="org.apache.jena.sparql.path.TestPath" time="0"/>
  <testcase name="path_32" classname="org.apache.jena.sparql.path.TestPath" time="0.001"/>
  <testcase name="path_33" classname="org.apache.jena.sparql.path.TestPath" time="0.001"/>
  <testcase name="path_34" classname="org.apache.jena.sparql.path.TestPath" time="0"/>
  <testcase name="path_35" classname="org.apache.jena.sparql.path.TestPath" time="0.001"/>
  <testcase name="path_36" classname="org.apache.jena.sparql.path.TestPath" time="0.001"/>
  <testcase name="path_37" classname="org.apache.jena.sparql.path.TestPath" time="0.001"/>
  <testcase name="path_38" classname="org.apache.jena.sparql.path.TestPath" time="0"/>
  <testcase name="path_39" classname="org.apache.jena.sparql.path.TestPath" time="0.001"/>
  <testcase name="path_50" classname="org.apache.jena.sparql.path.TestPath" time="0.009"/>
  <testcase name="path_51" classname="org.apache.jena.sparql.path.TestPath" time="0.001"/>
  <testcase name="path_52" classname="org.apache.jena.sparql.path.TestPath" time="0"/>
  <testcase name="parsePathErr_01" classname="org.apache.jena.sparql.path.TestPath" time="0"/>
  <testcase name="parsePathErr_02" classname="org.apache.jena.sparql.path.TestPath" time="0"/>
  <testcase name="parsePathErr_03" classname="org.apache.jena.sparql.path.TestPath" time="0"/>
  <testcase name="parseEquals_1" classname="org.apache.jena.sparql.path.TestPath" time="0"/>
  <testcase name="parseEquals_2" classname="org.apache.jena.sparql.path.TestPath" time="0.001"/>
  <testcase name="parseEquals_3" classname="org.apache.jena.sparql.path.TestPath" time="0"/>
  <testcase name="parseEquals_4" classname="org.apache.jena.sparql.path.TestPath" time="0"/>
  <testcase name="parseEquals_5" classname="org.apache.jena.sparql.path.TestPath" time="0"/>
  <testcase name="parseEquals_6" classname="org.apache.jena.sparql.path.TestPath" time="0"/>
  <testcase name="parseEquals_7" classname="org.apache.jena.sparql.path.TestPath" time="0.001"/>
  <testcase name="parseEquals_8" classname="org.apache.jena.sparql.path.TestPath" time="0"/>
  <testcase name="parseEquals_9" classname="org.apache.jena.sparql.path.TestPath" time="0"/>
  <testcase name="parsePathDistinct1" classname="org.apache.jena.sparql.path.TestPath" time="0.001"/>
  <testcase name="parsePathDistinct2" classname="org.apache.jena.sparql.path.TestPath" time="0"/>
  <testcase name="parsePathDistinct3" classname="org.apache.jena.sparql.path.TestPath" time="0"/>
  <testcase name="parsePathDistinct4" classname="org.apache.jena.sparql.path.TestPath" time="0"/>
  <testcase name="parsePathDistinct5" classname="org.apache.jena.sparql.path.TestPath" time="0.001"/>
  <testcase name="parsePath_01" classname="org.apache.jena.sparql.path.TestPath" time="0.012"/>
  <testcase name="parsePath_02" classname="org.apache.jena.sparql.path.TestPath" time="0"/>
  <testcase name="parsePath_03" classname="org.apache.jena.sparql.path.TestPath" time="0.001"/>
  <testcase name="parsePath_04" classname="org.apache.jena.sparql.path.TestPath" time="0"/>
  <testcase name="parsePath_05" classname="org.apache.jena.sparql.path.TestPath" time="0"/>
  <testcase name="parsePath_06" classname="org.apache.jena.sparql.path.TestPath" time="0.001"/>
  <testcase name="parsePath_10" classname="org.apache.jena.sparql.path.TestPath" time="0"/>
  <testcase name="parsePath_11" classname="org.apache.jena.sparql.path.TestPath" time="0"/>
  <testcase name="parsePath_12" classname="org.apache.jena.sparql.path.TestPath" time="0"/>
  <testcase name="parsePath_13" classname="org.apache.jena.sparql.path.TestPath" time="0.001"/>
  <testcase name="parsePath_14" classname="org.apache.jena.sparql.path.TestPath" time="0"/>
  <testcase name="parsePath_15" classname="org.apache.jena.sparql.path.TestPath" time="0"/>
  <testcase name="parsePath_20" classname="org.apache.jena.sparql.path.TestPath" time="0"/>
  <testcase name="parsePath_21" classname="org.apache.jena.sparql.path.TestPath" time="0.001"/>
  <testcase name="parsePath_22" classname="org.apache.jena.sparql.path.TestPath" time="0"/>
  <testcase name="parsePath_23" classname="org.apache.jena.sparql.path.TestPath" time="0"/>
  <testcase name="parsePath_24" classname="org.apache.jena.sparql.path.TestPath" time="0"/>
  <testcase name="parsePath_25" classname="org.apache.jena.sparql.path.TestPath" time="0.001"/>
  <testcase name="parsePath_30" classname="org.apache.jena.sparql.path.TestPath" time="0"/>
  <testcase name="parsePath_31" classname="org.apache.jena.sparql.path.TestPath" time="0.001"/>
  <testcase name="parsePath_32" classname="org.apache.jena.sparql.path.TestPath" time="0"/>
  <testcase name="path_01" classname="org.apache.jena.sparql.path.TestPath2" time="0.001"/>
  <testcase name="path_02" classname="org.apache.jena.sparql.path.TestPath2" time="0"/>
  <testcase name="path_03" classname="org.apache.jena.sparql.path.TestPath2" time="0.001"/>
  <testcase name="path_04" classname="org.apache.jena.sparql.path.TestPath2" time="0"/>
  <testcase name="path_05" classname="org.apache.jena.sparql.path.TestPath2" time="0"/>
  <testcase name="path_06" classname="org.apache.jena.sparql.path.TestPath2" time="0"/>
  <testcase name="path_07" classname="org.apache.jena.sparql.path.TestPath2" time="0.001"/>
  <testcase name="path_08" classname="org.apache.jena.sparql.path.TestPath2" time="0"/>
  <testcase name="path_09" classname="org.apache.jena.sparql.path.TestPath2" time="0.001"/>
  <testcase name="path_10" classname="org.apache.jena.sparql.path.TestPath2" time="0"/>
  <testcase name="path_11" classname="org.apache.jena.sparql.path.TestPath2" time="0.006"/>
  <testcase name="path_12" classname="org.apache.jena.sparql.path.TestPath2" time="0.001"/>
  <testcase name="path_13" classname="org.apache.jena.sparql.path.TestPath2" time="0"/>
  <testcase name="path_14" classname="org.apache.jena.sparql.path.TestPath2" time="0"/>
  <testcase name="path_15" classname="org.apache.jena.sparql.path.TestPath2" time="0.001"/>
  <testcase name="path_16" classname="org.apache.jena.sparql.path.TestPath2" time="0.001"/>
  <testcase name="path_17" classname="org.apache.jena.sparql.path.TestPath2" time="0.001"/>
  <testcase name="path_18" classname="org.apache.jena.sparql.path.TestPath2" time="0"/>
  <testcase name="path_19" classname="org.apache.jena.sparql.path.TestPath2" time="0.003"/>
  <testcase name="path_20" classname="org.apache.jena.sparql.path.TestPath2" time="0.001"/>
  <testcase name="path_21" classname="org.apache.jena.sparql.path.TestPath2" time="0"/>
  <testcase name="path_30" classname="org.apache.jena.sparql.path.TestPath2" time="0.001"/>
  <testcase name="path_31" classname="org.apache.jena.sparql.path.TestPath2" time="0"/>
  <testcase name="path_32" classname="org.apache.jena.sparql.path.TestPath2" time="0"/>
  <testcase name="path_33" classname="org.apache.jena.sparql.path.TestPath2" time="0.001"/>
  <testcase name="path_34" classname="org.apache.jena.sparql.path.TestPath2" time="0.001"/>
  <testcase name="path_35" classname="org.apache.jena.sparql.path.TestPath2" time="0.002"/>
  <testcase name="path_36" classname="org.apache.jena.sparql.path.TestPath2" time="0"/>
  <testcase name="path_37" classname="org.apache.jena.sparql.path.TestPath2" time="0"/>
  <testcase name="path_pf_00" classname="org.apache.jena.sparql.path.TestPathPF" time="0.003"/>
  <testcase name="path_pf_01" classname="org.apache.jena.sparql.path.TestPathPF" time="0"/>
  <testcase name="path_pf_02" classname="org.apache.jena.sparql.path.TestPathPF" time="0.001"/>
  <testcase name="path_pf_03" classname="org.apache.jena.sparql.path.TestPathPF" time="0"/>
  <testcase name="path_pf_10" classname="org.apache.jena.sparql.path.TestPathPF" time="0.014"/>
  <testcase name="path_pf_11" classname="org.apache.jena.sparql.path.TestPathPF" time="0.001"/>
  <testcase name="path_pf_12" classname="org.apache.jena.sparql.path.TestPathPF" time="0"/>
  <testcase name="path_pf_13" classname="org.apache.jena.sparql.path.TestPathPF" time="0"/>
  <testcase name="path_pf_14" classname="org.apache.jena.sparql.path.TestPathPF" time="0"/>
</testsuite>